[2023-11-13 08:55:29] local.ERROR: Attempt to read property "id" on null {"userId":14,"exception":"[object] (ErrorException(code: 0): Attempt to read property \"id\" on null at C:\\OSPanel\\domains\\laravel-vue-spa\\vendor\\laravel\\framework\\src\\Illuminate\\Http\\Resources\\DelegatesToResource.php:140)
[stacktrace]
#0 C:\\OSPanel\\domains\\laravel-vue-spa\\vendor\\laravel\\framework\\src\\Illuminate\\Http\\Resources\\DelegatesToResource.php(140): Illuminate\\Foundation\\Bootstrap\\HandleExceptions->handleError()
#1 C:\\OSPanel\\domains\\laravel-vue-spa\\app\\Http\\Resources\\UserResource.php(18): Illuminate\\Http\\Resources\\Json\\JsonResource->__get()
#2 C:\\OSPanel\\domains\\laravel-vue-spa\\vendor\\laravel\\framework\\src\\Illuminate\\Http\\Resources\\Json\\JsonResource.php(95): App\\Http\\Resources\\UserResource->toArray()
#3 C:\\OSPanel\\domains\\laravel-vue-spa\\vendor\\laravel\\framework\\src\\Illuminate\\Http\\Resources\\Json\\ResourceResponse.php(39): Illuminate\\Http\\Resources\\Json\\JsonResource->resolve()
#4 C:\\OSPanel\\domains\\laravel-vue-spa\\vendor\\laravel\\framework\\src\\Illuminate\\Http\\Resources\\Json\\JsonResource.php(221): Illuminate\\Http\\Resources\\Json\\ResourceResponse->toResponse()
#5 C:\\OSPanel\\domains\\laravel-vue-spa\\vendor\\laravel\\framework\\src\\Illuminate\\Routing\\Router.php(776): Illuminate\\Http\\Resources\\Json\\JsonResource->toResponse()
#6 C:\\OSPanel\\domains\\laravel-vue-spa\\vendor\\laravel\\framework\\src\\Illuminate\\Routing\\Router.php(763): Illuminate\\Routing\\Router::toResponse()
#7 C:\\OSPanel\\domains\\laravel-vue-spa\\vendor\\laravel\\framework\\src\\Illuminate\\Routing\\Router.php(695): Illuminate\\Routing\\Router->prepareResponse()
#8 C:\\OSPanel\\domains\\laravel-vue-spa\\vendor\\laravel\\framework\\src\\Illuminate\\Pipeline\\Pipeline.php(128): Illuminate\\Routing\\Router->Illuminate\\Routing\\{closure}()
#9 C:\\OSPanel\\domains\\laravel-vue-spa\\vendor\\laravel\\framework\\src\\Illuminate\\Routing\\Middleware\\SubstituteBindings.php(50): Illuminate\\Pipeline\\Pipeline->Illuminate\\Pipeline\\{closure}()
#10 C:\\OSPanel\\domains\\laravel-vue-spa\\vendor\\laravel\\framework\\src\\Illuminate\\Pipeline\\Pipeline.php(167): Illuminate\\Routing\\Middleware\\SubstituteBindings->handle()
#11 C:\\OSPanel\\domains\\laravel-vue-spa\\vendor\\laravel\\framework\\src\\Illuminate\\Routing\\Middleware\\ThrottleRequests.php(127): Illuminate\\Pipeline\\Pipeline->Illuminate\\Pipeline\\{closure}()
#12 C:\\OSPanel\\domains\\laravel-vue-spa\\vendor\\laravel\\framework\\src\\Illuminate\\Routing\\Middleware\\ThrottleRequests.php(63): Illuminate\\Routing\\Middleware\\ThrottleRequests->handleRequest()
#13 C:\\OSPanel\\domains\\laravel-vue-spa\\vendor\\laravel\\framework\\src\\Illuminate\\Pipeline\\Pipeline.php(167): Illuminate\\Routing\\Middleware\\ThrottleRequests->handle()
#14 C:\\OSPanel\\domains\\laravel-vue-spa\\vendor\\laravel\\framework\\src\\Illuminate\\Auth\\Middleware\\Authenticate.php(44): Illuminate\\Pipeline\\Pipeline->Illuminate\\Pipeline\\{closure}()
#15 C:\\OSPanel\\domains\\laravel-vue-spa\\vendor\\laravel\\framework\\src\\Illuminate\\Pipeline\\Pipeline.php(167): Illuminate\\Auth\\Middleware\\Authenticate->handle()
#16 C:\\OSPanel\\domains\\laravel-vue-spa\\vendor\\laravel\\framework\\src\\Illuminate\\Pipeline\\Pipeline.php(103): Illuminate\\Pipeline\\Pipeline->Illuminate\\Pipeline\\{closure}()
#17 C:\\OSPanel\\domains\\laravel-vue-spa\\vendor\\laravel\\framework\\src\\Illuminate\\Routing\\Router.php(697): Illuminate\\Pipeline\\Pipeline->then()
#18 C:\\OSPanel\\domains\\laravel-vue-spa\\vendor\\laravel\\framework\\src\\Illuminate\\Routing\\Router.php(672): Illuminate\\Routing\\Router->runRouteWithinStack()
#19 C:\\OSPanel\\domains\\laravel-vue-spa\\vendor\\laravel\\framework\\src\\Illuminate\\Routing\\Router.php(636): Illuminate\\Routing\\Router->runRoute()
#20 C:\\OSPanel\\domains\\laravel-vue-spa\\vendor\\laravel\\framework\\src\\Illuminate\\Routing\\Router.php(625): Illuminate\\Routing\\Router->dispatchToRoute()
#21 C:\\OSPanel\\domains\\laravel-vue-spa\\vendor\\laravel\\framework\\src\\Illuminate\\Foundation\\Http\\Kernel.php(166): Illuminate\\Routing\\Router->dispatch()
#22 C:\\OSPanel\\domains\\laravel-vue-spa\\vendor\\laravel\\framework\\src\\Illuminate\\Pipeline\\Pipeline.php(128): Illuminate\\Foundation\\Http\\Kernel->Illuminate\\Foundation\\Http\\{closure}()
#23 C:\\OSPanel\\domains\\laravel-vue-spa\\app\\Http\\Middleware\\SetLocale.php(22): Illuminate\\Pipeline\\Pipeline->Illuminate\\Pipeline\\{closure}()
#24 C:\\OSPanel\\domains\\laravel-vue-spa\\vendor\\laravel\\framework\\src\\Illuminate\\Pipeline\\Pipeline.php(167): App\\Http\\Middleware\\SetLocale->handle()
#25 C:\\OSPanel\\domains\\laravel-vue-spa\\vendor\\laravel\\framework\\src\\Illuminate\\Foundation\\Http\\Middleware\\TransformsRequest.php(21): Illuminate\\Pipeline\\Pipeline->Illuminate\\Pipeline\\{closure}()
#26 C:\\OSPanel\\domains\\laravel-vue-spa\\vendor\\laravel\\framework\\src\\Illuminate\\Foundation\\Http\\Middleware\\ConvertEmptyStringsToNull.php(31): Illuminate\\Foundation\\Http\\Middleware\\TransformsRequest->handle()
#27 C:\\OSPanel\\domains\\laravel-vue-spa\\vendor\\laravel\\framework\\src\\Illuminate\\Pipeline\\Pipeline.php(167): Illuminate\\Foundation\\Http\\Middleware\\ConvertEmptyStringsToNull->handle()
#28 C:\\OSPanel\\domains\\laravel-vue-spa\\vendor\\laravel\\framework\\src\\Illuminate\\Foundation\\Http\\Middleware\\TransformsRequest.php(21): Illuminate\\Pipeline\\Pipeline->Illuminate\\Pipeline\\{closure}()
#29 C:\\OSPanel\\domains\\laravel-vue-spa\\vendor\\laravel\\framework\\src\\Illuminate\\Foundation\\Http\\Middleware\\TrimStrings.php(40): Illuminate\\Foundation\\Http\\Middleware\\TransformsRequest->handle()
#30 C:\\OSPanel\\domains\\laravel-vue-spa\\vendor\\laravel\\framework\\src\\Illuminate\\Pipeline\\Pipeline.php(167): Illuminate\\Foundation\\Http\\Middleware\\TrimStrings->handle()
#31 C:\\OSPanel\\domains\\laravel-vue-spa\\vendor\\laravel\\framework\\src\\Illuminate\\Foundation\\Http\\Middleware\\ValidatePostSize.php(27): Illuminate\\Pipeline\\Pipeline->Illuminate\\Pipeline\\{closure}()
#32 C:\\OSPanel\\domains\\laravel-vue-spa\\vendor\\laravel\\framework\\src\\Illuminate\\Pipeline\\Pipeline.php(167): Illuminate\\Foundation\\Http\\Middleware\\ValidatePostSize->handle()
#33 C:\\OSPanel\\domains\\laravel-vue-spa\\vendor\\laravel\\framework\\src\\Illuminate\\Foundation\\Http\\Middleware\\PreventRequestsDuringMaintenance.php(86): Illuminate\\Pipeline\\Pipeline->Illuminate\\Pipeline\\{closure}()
#34 C:\\OSPanel\\domains\\laravel-vue-spa\\vendor\\laravel\\framework\\src\\Illuminate\\Pipeline\\Pipeline.php(167): Illuminate\\Foundation\\Http\\Middleware\\PreventRequestsDuringMaintenance->handle()
#35 C:\\OSPanel\\domains\\laravel-vue-spa\\vendor\\fruitcake\\laravel-cors\\src\\HandleCors.php(52): Illuminate\\Pipeline\\Pipeline->Illuminate\\Pipeline\\{closure}()
#36 C:\\OSPanel\\domains\\laravel-vue-spa\\vendor\\laravel\\framework\\src\\Illuminate\\Pipeline\\Pipeline.php(167): Fruitcake\\Cors\\HandleCors->handle()
#37 C:\\OSPanel\\domains\\laravel-vue-spa\\vendor\\fideloper\\proxy\\src\\TrustProxies.php(57): Illuminate\\Pipeline\\Pipeline->Illuminate\\Pipeline\\{closure}()
#38 C:\\OSPanel\\domains\\laravel-vue-spa\\vendor\\laravel\\framework\\src\\Illuminate\\Pipeline\\Pipeline.php(167): Fideloper\\Proxy\\TrustProxies->handle()
#39 C:\\OSPanel\\domains\\laravel-vue-spa\\vendor\\laravel\\framework\\src\\Illuminate\\Pipeline\\Pipeline.php(103): Illuminate\\Pipeline\\Pipeline->Illuminate\\Pipeline\\{closure}()
#40 C:\\OSPanel\\domains\\laravel-vue-spa\\vendor\\laravel\\framework\\src\\Illuminate\\Foundation\\Http\\Kernel.php(141): Illuminate\\Pipeline\\Pipeline->then()
#41 C:\\OSPanel\\domains\\laravel-vue-spa\\vendor\\laravel\\framework\\src\\Illuminate\\Foundation\\Http\\Kernel.php(110): Illuminate\\Foundation\\Http\\Kernel->sendRequestThroughRouter()
#42 C:\\OSPanel\\domains\\laravel-vue-spa\\public\\index.php(52): Illuminate\\Foundation\\Http\\Kernel->handle()
#43 C:\\OSPanel\\domains\\laravel-vue-spa\\server.php(19): require_once('C:\\\\OSPanel\\\\doma...')
#44 {main}
"} 
[2023-11-13 08:55:37] local.ERROR: Attempt to read property "id" on null {"userId":14,"exception":"[object] (ErrorException(code: 0): Attempt to read property \"id\" on null at C:\\OSPanel\\domains\\laravel-vue-spa\\vendor\\laravel\\framework\\src\\Illuminate\\Http\\Resources\\DelegatesToResource.php:140)
[stacktrace]
#0 C:\\OSPanel\\domains\\laravel-vue-spa\\vendor\\laravel\\framework\\src\\Illuminate\\Http\\Resources\\DelegatesToResource.php(140): Illuminate\\Foundation\\Bootstrap\\HandleExceptions->handleError()
#1 C:\\OSPanel\\domains\\laravel-vue-spa\\app\\Http\\Resources\\UserResource.php(18): Illuminate\\Http\\Resources\\Json\\JsonResource->__get()
#2 C:\\OSPanel\\domains\\laravel-vue-spa\\vendor\\laravel\\framework\\src\\Illuminate\\Http\\Resources\\Json\\JsonResource.php(95): App\\Http\\Resources\\UserResource->toArray()
#3 C:\\OSPanel\\domains\\laravel-vue-spa\\vendor\\laravel\\framework\\src\\Illuminate\\Http\\Resources\\Json\\ResourceResponse.php(39): Illuminate\\Http\\Resources\\Json\\JsonResource->resolve()
#4 C:\\OSPanel\\domains\\laravel-vue-spa\\vendor\\laravel\\framework\\src\\Illuminate\\Http\\Resources\\Json\\JsonResource.php(221): Illuminate\\Http\\Resources\\Json\\ResourceResponse->toResponse()
#5 C:\\OSPanel\\domains\\laravel-vue-spa\\vendor\\laravel\\framework\\src\\Illuminate\\Routing\\Router.php(776): Illuminate\\Http\\Resources\\Json\\JsonResource->toResponse()
#6 C:\\OSPanel\\domains\\laravel-vue-spa\\vendor\\laravel\\framework\\src\\Illuminate\\Routing\\Router.php(763): Illuminate\\Routing\\Router::toResponse()
#7 C:\\OSPanel\\domains\\laravel-vue-spa\\vendor\\laravel\\framework\\src\\Illuminate\\Routing\\Router.php(695): Illuminate\\Routing\\Router->prepareResponse()
#8 C:\\OSPanel\\domains\\laravel-vue-spa\\vendor\\laravel\\framework\\src\\Illuminate\\Pipeline\\Pipeline.php(128): Illuminate\\Routing\\Router->Illuminate\\Routing\\{closure}()
#9 C:\\OSPanel\\domains\\laravel-vue-spa\\vendor\\laravel\\framework\\src\\Illuminate\\Routing\\Middleware\\SubstituteBindings.php(50): Illuminate\\Pipeline\\Pipeline->Illuminate\\Pipeline\\{closure}()
#10 C:\\OSPanel\\domains\\laravel-vue-spa\\vendor\\laravel\\framework\\src\\Illuminate\\Pipeline\\Pipeline.php(167): Illuminate\\Routing\\Middleware\\SubstituteBindings->handle()
#11 C:\\OSPanel\\domains\\laravel-vue-spa\\vendor\\laravel\\framework\\src\\Illuminate\\Routing\\Middleware\\ThrottleRequests.php(127): Illuminate\\Pipeline\\Pipeline->Illuminate\\Pipeline\\{closure}()
#12 C:\\OSPanel\\domains\\laravel-vue-spa\\vendor\\laravel\\framework\\src\\Illuminate\\Routing\\Middleware\\ThrottleRequests.php(63): Illuminate\\Routing\\Middleware\\ThrottleRequests->handleRequest()
#13 C:\\OSPanel\\domains\\laravel-vue-spa\\vendor\\laravel\\framework\\src\\Illuminate\\Pipeline\\Pipeline.php(167): Illuminate\\Routing\\Middleware\\ThrottleRequests->handle()
#14 C:\\OSPanel\\domains\\laravel-vue-spa\\vendor\\laravel\\framework\\src\\Illuminate\\Auth\\Middleware\\Authenticate.php(44): Illuminate\\Pipeline\\Pipeline->Illuminate\\Pipeline\\{closure}()
#15 C:\\OSPanel\\domains\\laravel-vue-spa\\vendor\\laravel\\framework\\src\\Illuminate\\Pipeline\\Pipeline.php(167): Illuminate\\Auth\\Middleware\\Authenticate->handle()
#16 C:\\OSPanel\\domains\\laravel-vue-spa\\vendor\\laravel\\framework\\src\\Illuminate\\Pipeline\\Pipeline.php(103): Illuminate\\Pipeline\\Pipeline->Illuminate\\Pipeline\\{closure}()
#17 C:\\OSPanel\\domains\\laravel-vue-spa\\vendor\\laravel\\framework\\src\\Illuminate\\Routing\\Router.php(697): Illuminate\\Pipeline\\Pipeline->then()
#18 C:\\OSPanel\\domains\\laravel-vue-spa\\vendor\\laravel\\framework\\src\\Illuminate\\Routing\\Router.php(672): Illuminate\\Routing\\Router->runRouteWithinStack()
#19 C:\\OSPanel\\domains\\laravel-vue-spa\\vendor\\laravel\\framework\\src\\Illuminate\\Routing\\Router.php(636): Illuminate\\Routing\\Router->runRoute()
#20 C:\\OSPanel\\domains\\laravel-vue-spa\\vendor\\laravel\\framework\\src\\Illuminate\\Routing\\Router.php(625): Illuminate\\Routing\\Router->dispatchToRoute()
#21 C:\\OSPanel\\domains\\laravel-vue-spa\\vendor\\laravel\\framework\\src\\Illuminate\\Foundation\\Http\\Kernel.php(166): Illuminate\\Routing\\Router->dispatch()
#22 C:\\OSPanel\\domains\\laravel-vue-spa\\vendor\\laravel\\framework\\src\\Illuminate\\Pipeline\\Pipeline.php(128): Illuminate\\Foundation\\Http\\Kernel->Illuminate\\Foundation\\Http\\{closure}()
#23 C:\\OSPanel\\domains\\laravel-vue-spa\\app\\Http\\Middleware\\SetLocale.php(22): Illuminate\\Pipeline\\Pipeline->Illuminate\\Pipeline\\{closure}()
#24 C:\\OSPanel\\domains\\laravel-vue-spa\\vendor\\laravel\\framework\\src\\Illuminate\\Pipeline\\Pipeline.php(167): App\\Http\\Middleware\\SetLocale->handle()
#25 C:\\OSPanel\\domains\\laravel-vue-spa\\vendor\\laravel\\framework\\src\\Illuminate\\Foundation\\Http\\Middleware\\TransformsRequest.php(21): Illuminate\\Pipeline\\Pipeline->Illuminate\\Pipeline\\{closure}()
#26 C:\\OSPanel\\domains\\laravel-vue-spa\\vendor\\laravel\\framework\\src\\Illuminate\\Foundation\\Http\\Middleware\\ConvertEmptyStringsToNull.php(31): Illuminate\\Foundation\\Http\\Middleware\\TransformsRequest->handle()
#27 C:\\OSPanel\\domains\\laravel-vue-spa\\vendor\\laravel\\framework\\src\\Illuminate\\Pipeline\\Pipeline.php(167): Illuminate\\Foundation\\Http\\Middleware\\ConvertEmptyStringsToNull->handle()
#28 C:\\OSPanel\\domains\\laravel-vue-spa\\vendor\\laravel\\framework\\src\\Illuminate\\Foundation\\Http\\Middleware\\TransformsRequest.php(21): Illuminate\\Pipeline\\Pipeline->Illuminate\\Pipeline\\{closure}()
#29 C:\\OSPanel\\domains\\laravel-vue-spa\\vendor\\laravel\\framework\\src\\Illuminate\\Foundation\\Http\\Middleware\\TrimStrings.php(40): Illuminate\\Foundation\\Http\\Middleware\\TransformsRequest->handle()
#30 C:\\OSPanel\\domains\\laravel-vue-spa\\vendor\\laravel\\framework\\src\\Illuminate\\Pipeline\\Pipeline.php(167): Illuminate\\Foundation\\Http\\Middleware\\TrimStrings->handle()
#31 C:\\OSPanel\\domains\\laravel-vue-spa\\vendor\\laravel\\framework\\src\\Illuminate\\Foundation\\Http\\Middleware\\ValidatePostSize.php(27): Illuminate\\Pipeline\\Pipeline->Illuminate\\Pipeline\\{closure}()
#32 C:\\OSPanel\\domains\\laravel-vue-spa\\vendor\\laravel\\framework\\src\\Illuminate\\Pipeline\\Pipeline.php(167): Illuminate\\Foundation\\Http\\Middleware\\ValidatePostSize->handle()
#33 C:\\OSPanel\\domains\\laravel-vue-spa\\vendor\\laravel\\framework\\src\\Illuminate\\Foundation\\Http\\Middleware\\PreventRequestsDuringMaintenance.php(86): Illuminate\\Pipeline\\Pipeline->Illuminate\\Pipeline\\{closure}()
#34 C:\\OSPanel\\domains\\laravel-vue-spa\\vendor\\laravel\\framework\\src\\Illuminate\\Pipeline\\Pipeline.php(167): Illuminate\\Foundation\\Http\\Middleware\\PreventRequestsDuringMaintenance->handle()
#35 C:\\OSPanel\\domains\\laravel-vue-spa\\vendor\\fruitcake\\laravel-cors\\src\\HandleCors.php(52): Illuminate\\Pipeline\\Pipeline->Illuminate\\Pipeline\\{closure}()
#36 C:\\OSPanel\\domains\\laravel-vue-spa\\vendor\\laravel\\framework\\src\\Illuminate\\Pipeline\\Pipeline.php(167): Fruitcake\\Cors\\HandleCors->handle()
#37 C:\\OSPanel\\domains\\laravel-vue-spa\\vendor\\fideloper\\proxy\\src\\TrustProxies.php(57): Illuminate\\Pipeline\\Pipeline->Illuminate\\Pipeline\\{closure}()
#38 C:\\OSPanel\\domains\\laravel-vue-spa\\vendor\\laravel\\framework\\src\\Illuminate\\Pipeline\\Pipeline.php(167): Fideloper\\Proxy\\TrustProxies->handle()
#39 C:\\OSPanel\\domains\\laravel-vue-spa\\vendor\\laravel\\framework\\src\\Illuminate\\Pipeline\\Pipeline.php(103): Illuminate\\Pipeline\\Pipeline->Illuminate\\Pipeline\\{closure}()
#40 C:\\OSPanel\\domains\\laravel-vue-spa\\vendor\\laravel\\framework\\src\\Illuminate\\Foundation\\Http\\Kernel.php(141): Illuminate\\Pipeline\\Pipeline->then()
#41 C:\\OSPanel\\domains\\laravel-vue-spa\\vendor\\laravel\\framework\\src\\Illuminate\\Foundation\\Http\\Kernel.php(110): Illuminate\\Foundation\\Http\\Kernel->sendRequestThroughRouter()
#42 C:\\OSPanel\\domains\\laravel-vue-spa\\public\\index.php(52): Illuminate\\Foundation\\Http\\Kernel->handle()
#43 C:\\OSPanel\\domains\\laravel-vue-spa\\server.php(19): require_once('C:\\\\OSPanel\\\\doma...')
#44 {main}
"} 
[2023-11-15 09:18:24] local.ERROR: Call to a member function delete() on null {"userId":14,"exception":"[object] (Error(code: 0): Call to a member function delete() on null at C:\\OSPanel\\domains\\laravel-vue-spa\\app\\Http\\Controllers\\Auth\\UserController.php:64)
[stacktrace]
#0 C:\\OSPanel\\domains\\laravel-vue-spa\\vendor\\laravel\\framework\\src\\Illuminate\\Routing\\Controller.php(54): App\\Http\\Controllers\\Auth\\UserController->destroy()
#1 C:\\OSPanel\\domains\\laravel-vue-spa\\vendor\\laravel\\framework\\src\\Illuminate\\Routing\\ControllerDispatcher.php(45): Illuminate\\Routing\\Controller->callAction()
#2 C:\\OSPanel\\domains\\laravel-vue-spa\\vendor\\laravel\\framework\\src\\Illuminate\\Routing\\Route.php(254): Illuminate\\Routing\\ControllerDispatcher->dispatch()
#3 C:\\OSPanel\\domains\\laravel-vue-spa\\vendor\\laravel\\framework\\src\\Illuminate\\Routing\\Route.php(197): Illuminate\\Routing\\Route->runController()
#4 C:\\OSPanel\\domains\\laravel-vue-spa\\vendor\\laravel\\framework\\src\\Illuminate\\Routing\\Router.php(695): Illuminate\\Routing\\Route->run()
#5 C:\\OSPanel\\domains\\laravel-vue-spa\\vendor\\laravel\\framework\\src\\Illuminate\\Pipeline\\Pipeline.php(128): Illuminate\\Routing\\Router->Illuminate\\Routing\\{closure}()
#6 C:\\OSPanel\\domains\\laravel-vue-spa\\vendor\\laravel\\framework\\src\\Illuminate\\Routing\\Middleware\\SubstituteBindings.php(50): Illuminate\\Pipeline\\Pipeline->Illuminate\\Pipeline\\{closure}()
#7 C:\\OSPanel\\domains\\laravel-vue-spa\\vendor\\laravel\\framework\\src\\Illuminate\\Pipeline\\Pipeline.php(167): Illuminate\\Routing\\Middleware\\SubstituteBindings->handle()
#8 C:\\OSPanel\\domains\\laravel-vue-spa\\vendor\\laravel\\framework\\src\\Illuminate\\Routing\\Middleware\\ThrottleRequests.php(127): Illuminate\\Pipeline\\Pipeline->Illuminate\\Pipeline\\{closure}()
#9 C:\\OSPanel\\domains\\laravel-vue-spa\\vendor\\laravel\\framework\\src\\Illuminate\\Routing\\Middleware\\ThrottleRequests.php(63): Illuminate\\Routing\\Middleware\\ThrottleRequests->handleRequest()
#10 C:\\OSPanel\\domains\\laravel-vue-spa\\vendor\\laravel\\framework\\src\\Illuminate\\Pipeline\\Pipeline.php(167): Illuminate\\Routing\\Middleware\\ThrottleRequests->handle()
#11 C:\\OSPanel\\domains\\laravel-vue-spa\\vendor\\laravel\\framework\\src\\Illuminate\\Auth\\Middleware\\Authenticate.php(44): Illuminate\\Pipeline\\Pipeline->Illuminate\\Pipeline\\{closure}()
#12 C:\\OSPanel\\domains\\laravel-vue-spa\\vendor\\laravel\\framework\\src\\Illuminate\\Pipeline\\Pipeline.php(167): Illuminate\\Auth\\Middleware\\Authenticate->handle()
#13 C:\\OSPanel\\domains\\laravel-vue-spa\\vendor\\laravel\\framework\\src\\Illuminate\\Pipeline\\Pipeline.php(103): Illuminate\\Pipeline\\Pipeline->Illuminate\\Pipeline\\{closure}()
#14 C:\\OSPanel\\domains\\laravel-vue-spa\\vendor\\laravel\\framework\\src\\Illuminate\\Routing\\Router.php(697): Illuminate\\Pipeline\\Pipeline->then()
#15 C:\\OSPanel\\domains\\laravel-vue-spa\\vendor\\laravel\\framework\\src\\Illuminate\\Routing\\Router.php(672): Illuminate\\Routing\\Router->runRouteWithinStack()
#16 C:\\OSPanel\\domains\\laravel-vue-spa\\vendor\\laravel\\framework\\src\\Illuminate\\Routing\\Router.php(636): Illuminate\\Routing\\Router->runRoute()
#17 C:\\OSPanel\\domains\\laravel-vue-spa\\vendor\\laravel\\framework\\src\\Illuminate\\Routing\\Router.php(625): Illuminate\\Routing\\Router->dispatchToRoute()
#18 C:\\OSPanel\\domains\\laravel-vue-spa\\vendor\\laravel\\framework\\src\\Illuminate\\Foundation\\Http\\Kernel.php(166): Illuminate\\Routing\\Router->dispatch()
#19 C:\\OSPanel\\domains\\laravel-vue-spa\\vendor\\laravel\\framework\\src\\Illuminate\\Pipeline\\Pipeline.php(128): Illuminate\\Foundation\\Http\\Kernel->Illuminate\\Foundation\\Http\\{closure}()
#20 C:\\OSPanel\\domains\\laravel-vue-spa\\app\\Http\\Middleware\\SetLocale.php(22): Illuminate\\Pipeline\\Pipeline->Illuminate\\Pipeline\\{closure}()
#21 C:\\OSPanel\\domains\\laravel-vue-spa\\vendor\\laravel\\framework\\src\\Illuminate\\Pipeline\\Pipeline.php(167): App\\Http\\Middleware\\SetLocale->handle()
#22 C:\\OSPanel\\domains\\laravel-vue-spa\\vendor\\laravel\\framework\\src\\Illuminate\\Foundation\\Http\\Middleware\\TransformsRequest.php(21): Illuminate\\Pipeline\\Pipeline->Illuminate\\Pipeline\\{closure}()
#23 C:\\OSPanel\\domains\\laravel-vue-spa\\vendor\\laravel\\framework\\src\\Illuminate\\Foundation\\Http\\Middleware\\ConvertEmptyStringsToNull.php(31): Illuminate\\Foundation\\Http\\Middleware\\TransformsRequest->handle()
#24 C:\\OSPanel\\domains\\laravel-vue-spa\\vendor\\laravel\\framework\\src\\Illuminate\\Pipeline\\Pipeline.php(167): Illuminate\\Foundation\\Http\\Middleware\\ConvertEmptyStringsToNull->handle()
#25 C:\\OSPanel\\domains\\laravel-vue-spa\\vendor\\laravel\\framework\\src\\Illuminate\\Foundation\\Http\\Middleware\\TransformsRequest.php(21): Illuminate\\Pipeline\\Pipeline->Illuminate\\Pipeline\\{closure}()
#26 C:\\OSPanel\\domains\\laravel-vue-spa\\vendor\\laravel\\framework\\src\\Illuminate\\Foundation\\Http\\Middleware\\TrimStrings.php(40): Illuminate\\Foundation\\Http\\Middleware\\TransformsRequest->handle()
#27 C:\\OSPanel\\domains\\laravel-vue-spa\\vendor\\laravel\\framework\\src\\Illuminate\\Pipeline\\Pipeline.php(167): Illuminate\\Foundation\\Http\\Middleware\\TrimStrings->handle()
#28 C:\\OSPanel\\domains\\laravel-vue-spa\\vendor\\laravel\\framework\\src\\Illuminate\\Foundation\\Http\\Middleware\\ValidatePostSize.php(27): Illuminate\\Pipeline\\Pipeline->Illuminate\\Pipeline\\{closure}()
#29 C:\\OSPanel\\domains\\laravel-vue-spa\\vendor\\laravel\\framework\\src\\Illuminate\\Pipeline\\Pipeline.php(167): Illuminate\\Foundation\\Http\\Middleware\\ValidatePostSize->handle()
#30 C:\\OSPanel\\domains\\laravel-vue-spa\\vendor\\laravel\\framework\\src\\Illuminate\\Foundation\\Http\\Middleware\\PreventRequestsDuringMaintenance.php(86): Illuminate\\Pipeline\\Pipeline->Illuminate\\Pipeline\\{closure}()
#31 C:\\OSPanel\\domains\\laravel-vue-spa\\vendor\\laravel\\framework\\src\\Illuminate\\Pipeline\\Pipeline.php(167): Illuminate\\Foundation\\Http\\Middleware\\PreventRequestsDuringMaintenance->handle()
#32 C:\\OSPanel\\domains\\laravel-vue-spa\\vendor\\fruitcake\\laravel-cors\\src\\HandleCors.php(52): Illuminate\\Pipeline\\Pipeline->Illuminate\\Pipeline\\{closure}()
#33 C:\\OSPanel\\domains\\laravel-vue-spa\\vendor\\laravel\\framework\\src\\Illuminate\\Pipeline\\Pipeline.php(167): Fruitcake\\Cors\\HandleCors->handle()
#34 C:\\OSPanel\\domains\\laravel-vue-spa\\vendor\\fideloper\\proxy\\src\\TrustProxies.php(57): Illuminate\\Pipeline\\Pipeline->Illuminate\\Pipeline\\{closure}()
#35 C:\\OSPanel\\domains\\laravel-vue-spa\\vendor\\laravel\\framework\\src\\Illuminate\\Pipeline\\Pipeline.php(167): Fideloper\\Proxy\\TrustProxies->handle()
#36 C:\\OSPanel\\domains\\laravel-vue-spa\\vendor\\laravel\\framework\\src\\Illuminate\\Pipeline\\Pipeline.php(103): Illuminate\\Pipeline\\Pipeline->Illuminate\\Pipeline\\{closure}()
#37 C:\\OSPanel\\domains\\laravel-vue-spa\\vendor\\laravel\\framework\\src\\Illuminate\\Foundation\\Http\\Kernel.php(141): Illuminate\\Pipeline\\Pipeline->then()
#38 C:\\OSPanel\\domains\\laravel-vue-spa\\vendor\\laravel\\framework\\src\\Illuminate\\Foundation\\Http\\Kernel.php(110): Illuminate\\Foundation\\Http\\Kernel->sendRequestThroughRouter()
#39 C:\\OSPanel\\domains\\laravel-vue-spa\\public\\index.php(52): Illuminate\\Foundation\\Http\\Kernel->handle()
#40 C:\\OSPanel\\domains\\laravel-vue-spa\\server.php(19): require_once('C:\\\\OSPanel\\\\doma...')
#41 {main}
"} 
[2023-11-15 09:20:01] local.ERROR: Call to a member function delete() on null {"userId":14,"exception":"[object] (Error(code: 0): Call to a member function delete() on null at C:\\OSPanel\\domains\\laravel-vue-spa\\app\\Http\\Controllers\\Auth\\UserController.php:64)
[stacktrace]
#0 C:\\OSPanel\\domains\\laravel-vue-spa\\vendor\\laravel\\framework\\src\\Illuminate\\Routing\\Controller.php(54): App\\Http\\Controllers\\Auth\\UserController->destroy()
#1 C:\\OSPanel\\domains\\laravel-vue-spa\\vendor\\laravel\\framework\\src\\Illuminate\\Routing\\ControllerDispatcher.php(45): Illuminate\\Routing\\Controller->callAction()
#2 C:\\OSPanel\\domains\\laravel-vue-spa\\vendor\\laravel\\framework\\src\\Illuminate\\Routing\\Route.php(254): Illuminate\\Routing\\ControllerDispatcher->dispatch()
#3 C:\\OSPanel\\domains\\laravel-vue-spa\\vendor\\laravel\\framework\\src\\Illuminate\\Routing\\Route.php(197): Illuminate\\Routing\\Route->runController()
#4 C:\\OSPanel\\domains\\laravel-vue-spa\\vendor\\laravel\\framework\\src\\Illuminate\\Routing\\Router.php(695): Illuminate\\Routing\\Route->run()
#5 C:\\OSPanel\\domains\\laravel-vue-spa\\vendor\\laravel\\framework\\src\\Illuminate\\Pipeline\\Pipeline.php(128): Illuminate\\Routing\\Router->Illuminate\\Routing\\{closure}()
#6 C:\\OSPanel\\domains\\laravel-vue-spa\\vendor\\laravel\\framework\\src\\Illuminate\\Routing\\Middleware\\SubstituteBindings.php(50): Illuminate\\Pipeline\\Pipeline->Illuminate\\Pipeline\\{closure}()
#7 C:\\OSPanel\\domains\\laravel-vue-spa\\vendor\\laravel\\framework\\src\\Illuminate\\Pipeline\\Pipeline.php(167): Illuminate\\Routing\\Middleware\\SubstituteBindings->handle()
#8 C:\\OSPanel\\domains\\laravel-vue-spa\\vendor\\laravel\\framework\\src\\Illuminate\\Routing\\Middleware\\ThrottleRequests.php(127): Illuminate\\Pipeline\\Pipeline->Illuminate\\Pipeline\\{closure}()
#9 C:\\OSPanel\\domains\\laravel-vue-spa\\vendor\\laravel\\framework\\src\\Illuminate\\Routing\\Middleware\\ThrottleRequests.php(63): Illuminate\\Routing\\Middleware\\ThrottleRequests->handleRequest()
#10 C:\\OSPanel\\domains\\laravel-vue-spa\\vendor\\laravel\\framework\\src\\Illuminate\\Pipeline\\Pipeline.php(167): Illuminate\\Routing\\Middleware\\ThrottleRequests->handle()
#11 C:\\OSPanel\\domains\\laravel-vue-spa\\vendor\\laravel\\framework\\src\\Illuminate\\Auth\\Middleware\\Authenticate.php(44): Illuminate\\Pipeline\\Pipeline->Illuminate\\Pipeline\\{closure}()
#12 C:\\OSPanel\\domains\\laravel-vue-spa\\vendor\\laravel\\framework\\src\\Illuminate\\Pipeline\\Pipeline.php(167): Illuminate\\Auth\\Middleware\\Authenticate->handle()
#13 C:\\OSPanel\\domains\\laravel-vue-spa\\vendor\\laravel\\framework\\src\\Illuminate\\Pipeline\\Pipeline.php(103): Illuminate\\Pipeline\\Pipeline->Illuminate\\Pipeline\\{closure}()
#14 C:\\OSPanel\\domains\\laravel-vue-spa\\vendor\\laravel\\framework\\src\\Illuminate\\Routing\\Router.php(697): Illuminate\\Pipeline\\Pipeline->then()
#15 C:\\OSPanel\\domains\\laravel-vue-spa\\vendor\\laravel\\framework\\src\\Illuminate\\Routing\\Router.php(672): Illuminate\\Routing\\Router->runRouteWithinStack()
#16 C:\\OSPanel\\domains\\laravel-vue-spa\\vendor\\laravel\\framework\\src\\Illuminate\\Routing\\Router.php(636): Illuminate\\Routing\\Router->runRoute()
#17 C:\\OSPanel\\domains\\laravel-vue-spa\\vendor\\laravel\\framework\\src\\Illuminate\\Routing\\Router.php(625): Illuminate\\Routing\\Router->dispatchToRoute()
#18 C:\\OSPanel\\domains\\laravel-vue-spa\\vendor\\laravel\\framework\\src\\Illuminate\\Foundation\\Http\\Kernel.php(166): Illuminate\\Routing\\Router->dispatch()
#19 C:\\OSPanel\\domains\\laravel-vue-spa\\vendor\\laravel\\framework\\src\\Illuminate\\Pipeline\\Pipeline.php(128): Illuminate\\Foundation\\Http\\Kernel->Illuminate\\Foundation\\Http\\{closure}()
#20 C:\\OSPanel\\domains\\laravel-vue-spa\\app\\Http\\Middleware\\SetLocale.php(22): Illuminate\\Pipeline\\Pipeline->Illuminate\\Pipeline\\{closure}()
#21 C:\\OSPanel\\domains\\laravel-vue-spa\\vendor\\laravel\\framework\\src\\Illuminate\\Pipeline\\Pipeline.php(167): App\\Http\\Middleware\\SetLocale->handle()
#22 C:\\OSPanel\\domains\\laravel-vue-spa\\vendor\\laravel\\framework\\src\\Illuminate\\Foundation\\Http\\Middleware\\TransformsRequest.php(21): Illuminate\\Pipeline\\Pipeline->Illuminate\\Pipeline\\{closure}()
#23 C:\\OSPanel\\domains\\laravel-vue-spa\\vendor\\laravel\\framework\\src\\Illuminate\\Foundation\\Http\\Middleware\\ConvertEmptyStringsToNull.php(31): Illuminate\\Foundation\\Http\\Middleware\\TransformsRequest->handle()
#24 C:\\OSPanel\\domains\\laravel-vue-spa\\vendor\\laravel\\framework\\src\\Illuminate\\Pipeline\\Pipeline.php(167): Illuminate\\Foundation\\Http\\Middleware\\ConvertEmptyStringsToNull->handle()
#25 C:\\OSPanel\\domains\\laravel-vue-spa\\vendor\\laravel\\framework\\src\\Illuminate\\Foundation\\Http\\Middleware\\TransformsRequest.php(21): Illuminate\\Pipeline\\Pipeline->Illuminate\\Pipeline\\{closure}()
#26 C:\\OSPanel\\domains\\laravel-vue-spa\\vendor\\laravel\\framework\\src\\Illuminate\\Foundation\\Http\\Middleware\\TrimStrings.php(40): Illuminate\\Foundation\\Http\\Middleware\\TransformsRequest->handle()
#27 C:\\OSPanel\\domains\\laravel-vue-spa\\vendor\\laravel\\framework\\src\\Illuminate\\Pipeline\\Pipeline.php(167): Illuminate\\Foundation\\Http\\Middleware\\TrimStrings->handle()
#28 C:\\OSPanel\\domains\\laravel-vue-spa\\vendor\\laravel\\framework\\src\\Illuminate\\Foundation\\Http\\Middleware\\ValidatePostSize.php(27): Illuminate\\Pipeline\\Pipeline->Illuminate\\Pipeline\\{closure}()
#29 C:\\OSPanel\\domains\\laravel-vue-spa\\vendor\\laravel\\framework\\src\\Illuminate\\Pipeline\\Pipeline.php(167): Illuminate\\Foundation\\Http\\Middleware\\ValidatePostSize->handle()
#30 C:\\OSPanel\\domains\\laravel-vue-spa\\vendor\\laravel\\framework\\src\\Illuminate\\Foundation\\Http\\Middleware\\PreventRequestsDuringMaintenance.php(86): Illuminate\\Pipeline\\Pipeline->Illuminate\\Pipeline\\{closure}()
#31 C:\\OSPanel\\domains\\laravel-vue-spa\\vendor\\laravel\\framework\\src\\Illuminate\\Pipeline\\Pipeline.php(167): Illuminate\\Foundation\\Http\\Middleware\\PreventRequestsDuringMaintenance->handle()
#32 C:\\OSPanel\\domains\\laravel-vue-spa\\vendor\\fruitcake\\laravel-cors\\src\\HandleCors.php(52): Illuminate\\Pipeline\\Pipeline->Illuminate\\Pipeline\\{closure}()
#33 C:\\OSPanel\\domains\\laravel-vue-spa\\vendor\\laravel\\framework\\src\\Illuminate\\Pipeline\\Pipeline.php(167): Fruitcake\\Cors\\HandleCors->handle()
#34 C:\\OSPanel\\domains\\laravel-vue-spa\\vendor\\fideloper\\proxy\\src\\TrustProxies.php(57): Illuminate\\Pipeline\\Pipeline->Illuminate\\Pipeline\\{closure}()
#35 C:\\OSPanel\\domains\\laravel-vue-spa\\vendor\\laravel\\framework\\src\\Illuminate\\Pipeline\\Pipeline.php(167): Fideloper\\Proxy\\TrustProxies->handle()
#36 C:\\OSPanel\\domains\\laravel-vue-spa\\vendor\\laravel\\framework\\src\\Illuminate\\Pipeline\\Pipeline.php(103): Illuminate\\Pipeline\\Pipeline->Illuminate\\Pipeline\\{closure}()
#37 C:\\OSPanel\\domains\\laravel-vue-spa\\vendor\\laravel\\framework\\src\\Illuminate\\Foundation\\Http\\Kernel.php(141): Illuminate\\Pipeline\\Pipeline->then()
#38 C:\\OSPanel\\domains\\laravel-vue-spa\\vendor\\laravel\\framework\\src\\Illuminate\\Foundation\\Http\\Kernel.php(110): Illuminate\\Foundation\\Http\\Kernel->sendRequestThroughRouter()
#39 C:\\OSPanel\\domains\\laravel-vue-spa\\public\\index.php(52): Illuminate\\Foundation\\Http\\Kernel->handle()
#40 C:\\OSPanel\\domains\\laravel-vue-spa\\server.php(19): require_once('C:\\\\OSPanel\\\\doma...')
#41 {main}
"} 
[2023-11-17 06:24:43] local.ERROR: Cannot send message without a sender address {"exception":"[object] (Swift_TransportException(code: 0): Cannot send message without a sender address at C:\\OSPanel\\domains\\laravel-vue-spa\\vendor\\swiftmailer\\swiftmailer\\lib\\classes\\Swift\\Transport\\AbstractSmtpTransport.php:195)
[stacktrace]
#0 C:\\OSPanel\\domains\\laravel-vue-spa\\vendor\\swiftmailer\\swiftmailer\\lib\\classes\\Swift\\Mailer.php(71): Swift_Transport_AbstractSmtpTransport->send()
#1 C:\\OSPanel\\domains\\laravel-vue-spa\\vendor\\laravel\\framework\\src\\Illuminate\\Mail\\Mailer.php(521): Swift_Mailer->send()
#2 C:\\OSPanel\\domains\\laravel-vue-spa\\vendor\\laravel\\framework\\src\\Illuminate\\Mail\\Mailer.php(288): Illuminate\\Mail\\Mailer->sendSwiftMessage()
#3 C:\\OSPanel\\domains\\laravel-vue-spa\\vendor\\laravel\\framework\\src\\Illuminate\\Notifications\\Channels\\MailChannel.php(65): Illuminate\\Mail\\Mailer->send()
#4 C:\\OSPanel\\domains\\laravel-vue-spa\\vendor\\laravel\\framework\\src\\Illuminate\\Notifications\\NotificationSender.php(148): Illuminate\\Notifications\\Channels\\MailChannel->send()
#5 C:\\OSPanel\\domains\\laravel-vue-spa\\vendor\\laravel\\framework\\src\\Illuminate\\Notifications\\NotificationSender.php(106): Illuminate\\Notifications\\NotificationSender->sendToNotifiable()
#6 C:\\OSPanel\\domains\\laravel-vue-spa\\vendor\\laravel\\framework\\src\\Illuminate\\Support\\Traits\\Localizable.php(19): Illuminate\\Notifications\\NotificationSender->Illuminate\\Notifications\\{closure}()
#7 C:\\OSPanel\\domains\\laravel-vue-spa\\vendor\\laravel\\framework\\src\\Illuminate\\Notifications\\NotificationSender.php(109): Illuminate\\Notifications\\NotificationSender->withLocale()
#8 C:\\OSPanel\\domains\\laravel-vue-spa\\vendor\\laravel\\framework\\src\\Illuminate\\Notifications\\NotificationSender.php(79): Illuminate\\Notifications\\NotificationSender->sendNow()
#9 C:\\OSPanel\\domains\\laravel-vue-spa\\vendor\\laravel\\framework\\src\\Illuminate\\Notifications\\ChannelManager.php(39): Illuminate\\Notifications\\NotificationSender->send()
#10 C:\\OSPanel\\domains\\laravel-vue-spa\\vendor\\laravel\\framework\\src\\Illuminate\\Notifications\\RoutesNotifications.php(18): Illuminate\\Notifications\\ChannelManager->send()
#11 C:\\OSPanel\\domains\\laravel-vue-spa\\app\\Models\\User.php(88): App\\Models\\User->notify()
#12 C:\\OSPanel\\domains\\laravel-vue-spa\\vendor\\laravel\\framework\\src\\Illuminate\\Auth\\Passwords\\PasswordBroker.php(71): App\\Models\\User->sendPasswordResetNotification()
#13 C:\\OSPanel\\domains\\laravel-vue-spa\\vendor\\laravel\\ui\\auth-backend\\SendsPasswordResetEmails.php(36): Illuminate\\Auth\\Passwords\\PasswordBroker->sendResetLink()
#14 C:\\OSPanel\\domains\\laravel-vue-spa\\vendor\\laravel\\framework\\src\\Illuminate\\Routing\\Controller.php(54): App\\Http\\Controllers\\Auth\\ForgotPasswordController->sendResetLinkEmail()
#15 C:\\OSPanel\\domains\\laravel-vue-spa\\vendor\\laravel\\framework\\src\\Illuminate\\Routing\\ControllerDispatcher.php(45): Illuminate\\Routing\\Controller->callAction()
#16 C:\\OSPanel\\domains\\laravel-vue-spa\\vendor\\laravel\\framework\\src\\Illuminate\\Routing\\Route.php(254): Illuminate\\Routing\\ControllerDispatcher->dispatch()
#17 C:\\OSPanel\\domains\\laravel-vue-spa\\vendor\\laravel\\framework\\src\\Illuminate\\Routing\\Route.php(197): Illuminate\\Routing\\Route->runController()
#18 C:\\OSPanel\\domains\\laravel-vue-spa\\vendor\\laravel\\framework\\src\\Illuminate\\Routing\\Router.php(695): Illuminate\\Routing\\Route->run()
#19 C:\\OSPanel\\domains\\laravel-vue-spa\\vendor\\laravel\\framework\\src\\Illuminate\\Pipeline\\Pipeline.php(128): Illuminate\\Routing\\Router->Illuminate\\Routing\\{closure}()
#20 C:\\OSPanel\\domains\\laravel-vue-spa\\app\\Http\\Middleware\\RedirectIfAuthenticated.php(34): Illuminate\\Pipeline\\Pipeline->Illuminate\\Pipeline\\{closure}()
#21 C:\\OSPanel\\domains\\laravel-vue-spa\\vendor\\laravel\\framework\\src\\Illuminate\\Pipeline\\Pipeline.php(167): App\\Http\\Middleware\\RedirectIfAuthenticated->handle()
#22 C:\\OSPanel\\domains\\laravel-vue-spa\\app\\Http\\Middleware\\RedirectIfAuthenticated.php(34): Illuminate\\Pipeline\\Pipeline->Illuminate\\Pipeline\\{closure}()
#23 C:\\OSPanel\\domains\\laravel-vue-spa\\vendor\\laravel\\framework\\src\\Illuminate\\Pipeline\\Pipeline.php(167): App\\Http\\Middleware\\RedirectIfAuthenticated->handle()
#24 C:\\OSPanel\\domains\\laravel-vue-spa\\vendor\\laravel\\framework\\src\\Illuminate\\Routing\\Middleware\\SubstituteBindings.php(50): Illuminate\\Pipeline\\Pipeline->Illuminate\\Pipeline\\{closure}()
#25 C:\\OSPanel\\domains\\laravel-vue-spa\\vendor\\laravel\\framework\\src\\Illuminate\\Pipeline\\Pipeline.php(167): Illuminate\\Routing\\Middleware\\SubstituteBindings->handle()
#26 C:\\OSPanel\\domains\\laravel-vue-spa\\vendor\\laravel\\framework\\src\\Illuminate\\Routing\\Middleware\\ThrottleRequests.php(127): Illuminate\\Pipeline\\Pipeline->Illuminate\\Pipeline\\{closure}()
#27 C:\\OSPanel\\domains\\laravel-vue-spa\\vendor\\laravel\\framework\\src\\Illuminate\\Routing\\Middleware\\ThrottleRequests.php(63): Illuminate\\Routing\\Middleware\\ThrottleRequests->handleRequest()
#28 C:\\OSPanel\\domains\\laravel-vue-spa\\vendor\\laravel\\framework\\src\\Illuminate\\Pipeline\\Pipeline.php(167): Illuminate\\Routing\\Middleware\\ThrottleRequests->handle()
#29 C:\\OSPanel\\domains\\laravel-vue-spa\\vendor\\laravel\\framework\\src\\Illuminate\\Pipeline\\Pipeline.php(103): Illuminate\\Pipeline\\Pipeline->Illuminate\\Pipeline\\{closure}()
#30 C:\\OSPanel\\domains\\laravel-vue-spa\\vendor\\laravel\\framework\\src\\Illuminate\\Routing\\Router.php(697): Illuminate\\Pipeline\\Pipeline->then()
#31 C:\\OSPanel\\domains\\laravel-vue-spa\\vendor\\laravel\\framework\\src\\Illuminate\\Routing\\Router.php(672): Illuminate\\Routing\\Router->runRouteWithinStack()
#32 C:\\OSPanel\\domains\\laravel-vue-spa\\vendor\\laravel\\framework\\src\\Illuminate\\Routing\\Router.php(636): Illuminate\\Routing\\Router->runRoute()
#33 C:\\OSPanel\\domains\\laravel-vue-spa\\vendor\\laravel\\framework\\src\\Illuminate\\Routing\\Router.php(625): Illuminate\\Routing\\Router->dispatchToRoute()
#34 C:\\OSPanel\\domains\\laravel-vue-spa\\vendor\\laravel\\framework\\src\\Illuminate\\Foundation\\Http\\Kernel.php(166): Illuminate\\Routing\\Router->dispatch()
#35 C:\\OSPanel\\domains\\laravel-vue-spa\\vendor\\laravel\\framework\\src\\Illuminate\\Pipeline\\Pipeline.php(128): Illuminate\\Foundation\\Http\\Kernel->Illuminate\\Foundation\\Http\\{closure}()
#36 C:\\OSPanel\\domains\\laravel-vue-spa\\app\\Http\\Middleware\\SetLocale.php(22): Illuminate\\Pipeline\\Pipeline->Illuminate\\Pipeline\\{closure}()
#37 C:\\OSPanel\\domains\\laravel-vue-spa\\vendor\\laravel\\framework\\src\\Illuminate\\Pipeline\\Pipeline.php(167): App\\Http\\Middleware\\SetLocale->handle()
#38 C:\\OSPanel\\domains\\laravel-vue-spa\\vendor\\laravel\\framework\\src\\Illuminate\\Foundation\\Http\\Middleware\\TransformsRequest.php(21): Illuminate\\Pipeline\\Pipeline->Illuminate\\Pipeline\\{closure}()
#39 C:\\OSPanel\\domains\\laravel-vue-spa\\vendor\\laravel\\framework\\src\\Illuminate\\Foundation\\Http\\Middleware\\ConvertEmptyStringsToNull.php(31): Illuminate\\Foundation\\Http\\Middleware\\TransformsRequest->handle()
#40 C:\\OSPanel\\domains\\laravel-vue-spa\\vendor\\laravel\\framework\\src\\Illuminate\\Pipeline\\Pipeline.php(167): Illuminate\\Foundation\\Http\\Middleware\\ConvertEmptyStringsToNull->handle()
#41 C:\\OSPanel\\domains\\laravel-vue-spa\\vendor\\laravel\\framework\\src\\Illuminate\\Foundation\\Http\\Middleware\\TransformsRequest.php(21): Illuminate\\Pipeline\\Pipeline->Illuminate\\Pipeline\\{closure}()
#42 C:\\OSPanel\\domains\\laravel-vue-spa\\vendor\\laravel\\framework\\src\\Illuminate\\Foundation\\Http\\Middleware\\TrimStrings.php(40): Illuminate\\Foundation\\Http\\Middleware\\TransformsRequest->handle()
#43 C:\\OSPanel\\domains\\laravel-vue-spa\\vendor\\laravel\\framework\\src\\Illuminate\\Pipeline\\Pipeline.php(167): Illuminate\\Foundation\\Http\\Middleware\\TrimStrings->handle()
#44 C:\\OSPanel\\domains\\laravel-vue-spa\\vendor\\laravel\\framework\\src\\Illuminate\\Foundation\\Http\\Middleware\\ValidatePostSize.php(27): Illuminate\\Pipeline\\Pipeline->Illuminate\\Pipeline\\{closure}()
#45 C:\\OSPanel\\domains\\laravel-vue-spa\\vendor\\laravel\\framework\\src\\Illuminate\\Pipeline\\Pipeline.php(167): Illuminate\\Foundation\\Http\\Middleware\\ValidatePostSize->handle()
#46 C:\\OSPanel\\domains\\laravel-vue-spa\\vendor\\laravel\\framework\\src\\Illuminate\\Foundation\\Http\\Middleware\\PreventRequestsDuringMaintenance.php(86): Illuminate\\Pipeline\\Pipeline->Illuminate\\Pipeline\\{closure}()
#47 C:\\OSPanel\\domains\\laravel-vue-spa\\vendor\\laravel\\framework\\src\\Illuminate\\Pipeline\\Pipeline.php(167): Illuminate\\Foundation\\Http\\Middleware\\PreventRequestsDuringMaintenance->handle()
#48 C:\\OSPanel\\domains\\laravel-vue-spa\\vendor\\fruitcake\\laravel-cors\\src\\HandleCors.php(52): Illuminate\\Pipeline\\Pipeline->Illuminate\\Pipeline\\{closure}()
#49 C:\\OSPanel\\domains\\laravel-vue-spa\\vendor\\laravel\\framework\\src\\Illuminate\\Pipeline\\Pipeline.php(167): Fruitcake\\Cors\\HandleCors->handle()
#50 C:\\OSPanel\\domains\\laravel-vue-spa\\vendor\\fideloper\\proxy\\src\\TrustProxies.php(57): Illuminate\\Pipeline\\Pipeline->Illuminate\\Pipeline\\{closure}()
#51 C:\\OSPanel\\domains\\laravel-vue-spa\\vendor\\laravel\\framework\\src\\Illuminate\\Pipeline\\Pipeline.php(167): Fideloper\\Proxy\\TrustProxies->handle()
#52 C:\\OSPanel\\domains\\laravel-vue-spa\\vendor\\laravel\\framework\\src\\Illuminate\\Pipeline\\Pipeline.php(103): Illuminate\\Pipeline\\Pipeline->Illuminate\\Pipeline\\{closure}()
#53 C:\\OSPanel\\domains\\laravel-vue-spa\\vendor\\laravel\\framework\\src\\Illuminate\\Foundation\\Http\\Kernel.php(141): Illuminate\\Pipeline\\Pipeline->then()
#54 C:\\OSPanel\\domains\\laravel-vue-spa\\vendor\\laravel\\framework\\src\\Illuminate\\Foundation\\Http\\Kernel.php(110): Illuminate\\Foundation\\Http\\Kernel->sendRequestThroughRouter()
#55 C:\\OSPanel\\domains\\laravel-vue-spa\\public\\index.php(52): Illuminate\\Foundation\\Http\\Kernel->handle()
#56 C:\\OSPanel\\domains\\laravel-vue-spa\\server.php(19): require_once('C:\\\\OSPanel\\\\doma...')
#57 {main}
"} 
[2023-11-17 06:44:31] local.ERROR: Cannot send message without a sender address {"exception":"[object] (Swift_TransportException(code: 0): Cannot send message without a sender address at C:\\OSPanel\\domains\\laravel-vue-spa\\vendor\\swiftmailer\\swiftmailer\\lib\\classes\\Swift\\Transport\\AbstractSmtpTransport.php:195)
[stacktrace]
#0 C:\\OSPanel\\domains\\laravel-vue-spa\\vendor\\swiftmailer\\swiftmailer\\lib\\classes\\Swift\\Mailer.php(71): Swift_Transport_AbstractSmtpTransport->send()
#1 C:\\OSPanel\\domains\\laravel-vue-spa\\vendor\\laravel\\framework\\src\\Illuminate\\Mail\\Mailer.php(521): Swift_Mailer->send()
#2 C:\\OSPanel\\domains\\laravel-vue-spa\\vendor\\laravel\\framework\\src\\Illuminate\\Mail\\Mailer.php(288): Illuminate\\Mail\\Mailer->sendSwiftMessage()
#3 C:\\OSPanel\\domains\\laravel-vue-spa\\vendor\\laravel\\framework\\src\\Illuminate\\Notifications\\Channels\\MailChannel.php(65): Illuminate\\Mail\\Mailer->send()
#4 C:\\OSPanel\\domains\\laravel-vue-spa\\vendor\\laravel\\framework\\src\\Illuminate\\Notifications\\NotificationSender.php(148): Illuminate\\Notifications\\Channels\\MailChannel->send()
#5 C:\\OSPanel\\domains\\laravel-vue-spa\\vendor\\laravel\\framework\\src\\Illuminate\\Notifications\\NotificationSender.php(106): Illuminate\\Notifications\\NotificationSender->sendToNotifiable()
#6 C:\\OSPanel\\domains\\laravel-vue-spa\\vendor\\laravel\\framework\\src\\Illuminate\\Support\\Traits\\Localizable.php(19): Illuminate\\Notifications\\NotificationSender->Illuminate\\Notifications\\{closure}()
#7 C:\\OSPanel\\domains\\laravel-vue-spa\\vendor\\laravel\\framework\\src\\Illuminate\\Notifications\\NotificationSender.php(109): Illuminate\\Notifications\\NotificationSender->withLocale()
#8 C:\\OSPanel\\domains\\laravel-vue-spa\\vendor\\laravel\\framework\\src\\Illuminate\\Notifications\\NotificationSender.php(79): Illuminate\\Notifications\\NotificationSender->sendNow()
#9 C:\\OSPanel\\domains\\laravel-vue-spa\\vendor\\laravel\\framework\\src\\Illuminate\\Notifications\\ChannelManager.php(39): Illuminate\\Notifications\\NotificationSender->send()
#10 C:\\OSPanel\\domains\\laravel-vue-spa\\vendor\\laravel\\framework\\src\\Illuminate\\Notifications\\RoutesNotifications.php(18): Illuminate\\Notifications\\ChannelManager->send()
#11 C:\\OSPanel\\domains\\laravel-vue-spa\\app\\Models\\User.php(88): App\\Models\\User->notify()
#12 C:\\OSPanel\\domains\\laravel-vue-spa\\vendor\\laravel\\framework\\src\\Illuminate\\Auth\\Passwords\\PasswordBroker.php(71): App\\Models\\User->sendPasswordResetNotification()
#13 C:\\OSPanel\\domains\\laravel-vue-spa\\vendor\\laravel\\ui\\auth-backend\\SendsPasswordResetEmails.php(36): Illuminate\\Auth\\Passwords\\PasswordBroker->sendResetLink()
#14 C:\\OSPanel\\domains\\laravel-vue-spa\\vendor\\laravel\\framework\\src\\Illuminate\\Routing\\Controller.php(54): App\\Http\\Controllers\\Auth\\ForgotPasswordController->sendResetLinkEmail()
#15 C:\\OSPanel\\domains\\laravel-vue-spa\\vendor\\laravel\\framework\\src\\Illuminate\\Routing\\ControllerDispatcher.php(45): Illuminate\\Routing\\Controller->callAction()
#16 C:\\OSPanel\\domains\\laravel-vue-spa\\vendor\\laravel\\framework\\src\\Illuminate\\Routing\\Route.php(254): Illuminate\\Routing\\ControllerDispatcher->dispatch()
#17 C:\\OSPanel\\domains\\laravel-vue-spa\\vendor\\laravel\\framework\\src\\Illuminate\\Routing\\Route.php(197): Illuminate\\Routing\\Route->runController()
#18 C:\\OSPanel\\domains\\laravel-vue-spa\\vendor\\laravel\\framework\\src\\Illuminate\\Routing\\Router.php(695): Illuminate\\Routing\\Route->run()
#19 C:\\OSPanel\\domains\\laravel-vue-spa\\vendor\\laravel\\framework\\src\\Illuminate\\Pipeline\\Pipeline.php(128): Illuminate\\Routing\\Router->Illuminate\\Routing\\{closure}()
#20 C:\\OSPanel\\domains\\laravel-vue-spa\\app\\Http\\Middleware\\RedirectIfAuthenticated.php(34): Illuminate\\Pipeline\\Pipeline->Illuminate\\Pipeline\\{closure}()
#21 C:\\OSPanel\\domains\\laravel-vue-spa\\vendor\\laravel\\framework\\src\\Illuminate\\Pipeline\\Pipeline.php(167): App\\Http\\Middleware\\RedirectIfAuthenticated->handle()
#22 C:\\OSPanel\\domains\\laravel-vue-spa\\app\\Http\\Middleware\\RedirectIfAuthenticated.php(34): Illuminate\\Pipeline\\Pipeline->Illuminate\\Pipeline\\{closure}()
#23 C:\\OSPanel\\domains\\laravel-vue-spa\\vendor\\laravel\\framework\\src\\Illuminate\\Pipeline\\Pipeline.php(167): App\\Http\\Middleware\\RedirectIfAuthenticated->handle()
#24 C:\\OSPanel\\domains\\laravel-vue-spa\\vendor\\laravel\\framework\\src\\Illuminate\\Routing\\Middleware\\SubstituteBindings.php(50): Illuminate\\Pipeline\\Pipeline->Illuminate\\Pipeline\\{closure}()
#25 C:\\OSPanel\\domains\\laravel-vue-spa\\vendor\\laravel\\framework\\src\\Illuminate\\Pipeline\\Pipeline.php(167): Illuminate\\Routing\\Middleware\\SubstituteBindings->handle()
#26 C:\\OSPanel\\domains\\laravel-vue-spa\\vendor\\laravel\\framework\\src\\Illuminate\\Routing\\Middleware\\ThrottleRequests.php(127): Illuminate\\Pipeline\\Pipeline->Illuminate\\Pipeline\\{closure}()
#27 C:\\OSPanel\\domains\\laravel-vue-spa\\vendor\\laravel\\framework\\src\\Illuminate\\Routing\\Middleware\\ThrottleRequests.php(63): Illuminate\\Routing\\Middleware\\ThrottleRequests->handleRequest()
#28 C:\\OSPanel\\domains\\laravel-vue-spa\\vendor\\laravel\\framework\\src\\Illuminate\\Pipeline\\Pipeline.php(167): Illuminate\\Routing\\Middleware\\ThrottleRequests->handle()
#29 C:\\OSPanel\\domains\\laravel-vue-spa\\vendor\\laravel\\framework\\src\\Illuminate\\Pipeline\\Pipeline.php(103): Illuminate\\Pipeline\\Pipeline->Illuminate\\Pipeline\\{closure}()
#30 C:\\OSPanel\\domains\\laravel-vue-spa\\vendor\\laravel\\framework\\src\\Illuminate\\Routing\\Router.php(697): Illuminate\\Pipeline\\Pipeline->then()
#31 C:\\OSPanel\\domains\\laravel-vue-spa\\vendor\\laravel\\framework\\src\\Illuminate\\Routing\\Router.php(672): Illuminate\\Routing\\Router->runRouteWithinStack()
#32 C:\\OSPanel\\domains\\laravel-vue-spa\\vendor\\laravel\\framework\\src\\Illuminate\\Routing\\Router.php(636): Illuminate\\Routing\\Router->runRoute()
#33 C:\\OSPanel\\domains\\laravel-vue-spa\\vendor\\laravel\\framework\\src\\Illuminate\\Routing\\Router.php(625): Illuminate\\Routing\\Router->dispatchToRoute()
#34 C:\\OSPanel\\domains\\laravel-vue-spa\\vendor\\laravel\\framework\\src\\Illuminate\\Foundation\\Http\\Kernel.php(166): Illuminate\\Routing\\Router->dispatch()
#35 C:\\OSPanel\\domains\\laravel-vue-spa\\vendor\\laravel\\framework\\src\\Illuminate\\Pipeline\\Pipeline.php(128): Illuminate\\Foundation\\Http\\Kernel->Illuminate\\Foundation\\Http\\{closure}()
#36 C:\\OSPanel\\domains\\laravel-vue-spa\\app\\Http\\Middleware\\SetLocale.php(22): Illuminate\\Pipeline\\Pipeline->Illuminate\\Pipeline\\{closure}()
#37 C:\\OSPanel\\domains\\laravel-vue-spa\\vendor\\laravel\\framework\\src\\Illuminate\\Pipeline\\Pipeline.php(167): App\\Http\\Middleware\\SetLocale->handle()
#38 C:\\OSPanel\\domains\\laravel-vue-spa\\vendor\\laravel\\framework\\src\\Illuminate\\Foundation\\Http\\Middleware\\TransformsRequest.php(21): Illuminate\\Pipeline\\Pipeline->Illuminate\\Pipeline\\{closure}()
#39 C:\\OSPanel\\domains\\laravel-vue-spa\\vendor\\laravel\\framework\\src\\Illuminate\\Foundation\\Http\\Middleware\\ConvertEmptyStringsToNull.php(31): Illuminate\\Foundation\\Http\\Middleware\\TransformsRequest->handle()
#40 C:\\OSPanel\\domains\\laravel-vue-spa\\vendor\\laravel\\framework\\src\\Illuminate\\Pipeline\\Pipeline.php(167): Illuminate\\Foundation\\Http\\Middleware\\ConvertEmptyStringsToNull->handle()
#41 C:\\OSPanel\\domains\\laravel-vue-spa\\vendor\\laravel\\framework\\src\\Illuminate\\Foundation\\Http\\Middleware\\TransformsRequest.php(21): Illuminate\\Pipeline\\Pipeline->Illuminate\\Pipeline\\{closure}()
#42 C:\\OSPanel\\domains\\laravel-vue-spa\\vendor\\laravel\\framework\\src\\Illuminate\\Foundation\\Http\\Middleware\\TrimStrings.php(40): Illuminate\\Foundation\\Http\\Middleware\\TransformsRequest->handle()
#43 C:\\OSPanel\\domains\\laravel-vue-spa\\vendor\\laravel\\framework\\src\\Illuminate\\Pipeline\\Pipeline.php(167): Illuminate\\Foundation\\Http\\Middleware\\TrimStrings->handle()
#44 C:\\OSPanel\\domains\\laravel-vue-spa\\vendor\\laravel\\framework\\src\\Illuminate\\Foundation\\Http\\Middleware\\ValidatePostSize.php(27): Illuminate\\Pipeline\\Pipeline->Illuminate\\Pipeline\\{closure}()
#45 C:\\OSPanel\\domains\\laravel-vue-spa\\vendor\\laravel\\framework\\src\\Illuminate\\Pipeline\\Pipeline.php(167): Illuminate\\Foundation\\Http\\Middleware\\ValidatePostSize->handle()
#46 C:\\OSPanel\\domains\\laravel-vue-spa\\vendor\\laravel\\framework\\src\\Illuminate\\Foundation\\Http\\Middleware\\PreventRequestsDuringMaintenance.php(86): Illuminate\\Pipeline\\Pipeline->Illuminate\\Pipeline\\{closure}()
#47 C:\\OSPanel\\domains\\laravel-vue-spa\\vendor\\laravel\\framework\\src\\Illuminate\\Pipeline\\Pipeline.php(167): Illuminate\\Foundation\\Http\\Middleware\\PreventRequestsDuringMaintenance->handle()
#48 C:\\OSPanel\\domains\\laravel-vue-spa\\vendor\\fruitcake\\laravel-cors\\src\\HandleCors.php(52): Illuminate\\Pipeline\\Pipeline->Illuminate\\Pipeline\\{closure}()
#49 C:\\OSPanel\\domains\\laravel-vue-spa\\vendor\\laravel\\framework\\src\\Illuminate\\Pipeline\\Pipeline.php(167): Fruitcake\\Cors\\HandleCors->handle()
#50 C:\\OSPanel\\domains\\laravel-vue-spa\\vendor\\fideloper\\proxy\\src\\TrustProxies.php(57): Illuminate\\Pipeline\\Pipeline->Illuminate\\Pipeline\\{closure}()
#51 C:\\OSPanel\\domains\\laravel-vue-spa\\vendor\\laravel\\framework\\src\\Illuminate\\Pipeline\\Pipeline.php(167): Fideloper\\Proxy\\TrustProxies->handle()
#52 C:\\OSPanel\\domains\\laravel-vue-spa\\vendor\\laravel\\framework\\src\\Illuminate\\Pipeline\\Pipeline.php(103): Illuminate\\Pipeline\\Pipeline->Illuminate\\Pipeline\\{closure}()
#53 C:\\OSPanel\\domains\\laravel-vue-spa\\vendor\\laravel\\framework\\src\\Illuminate\\Foundation\\Http\\Kernel.php(141): Illuminate\\Pipeline\\Pipeline->then()
#54 C:\\OSPanel\\domains\\laravel-vue-spa\\vendor\\laravel\\framework\\src\\Illuminate\\Foundation\\Http\\Kernel.php(110): Illuminate\\Foundation\\Http\\Kernel->sendRequestThroughRouter()
#55 C:\\OSPanel\\domains\\laravel-vue-spa\\public\\index.php(52): Illuminate\\Foundation\\Http\\Kernel->handle()
#56 C:\\OSPanel\\domains\\laravel-vue-spa\\server.php(19): require_once('C:\\\\OSPanel\\\\doma...')
#57 {main}
"} 
[2023-11-20 06:23:14] local.ERROR: During inheritance of IteratorAggregate: Uncaught ErrorException: Return type of Symfony\Component\HttpFoundation\ParameterBag::getIterator() should either be compatible with IteratorAggregate::getIterator(): Traversable, or the #[\ReturnTypeWillChange] attribute should be used to temporarily suppress the notice in C:\OSPanel\domains\laravel-vue-spa\vendor\symfony\http-foundation\ParameterBag.php:210
Stack trace:
#0 C:\OSPanel\domains\laravel-vue-spa\vendor\symfony\http-foundation\ParameterBag.php(21): Illuminate\Foundation\Bootstrap\HandleExceptions->handleError()
#1 C:\OSPanel\domains\laravel-vue-spa\vendor\composer\ClassLoader.php(571): include('C:\\OSPanel\\doma...')
#2 C:\OSPanel\domains\laravel-vue-spa\vendor\composer\ClassLoader.php(428): Composer\Autoload\includeFile()
#3 C:\OSPanel\domains\laravel-vue-spa\vendor\symfony\http-foundation\FileBag.php(22): Composer\Autoload\ClassLoader->loadClass()
#4 C:\OSPanel\domains\laravel-vue-spa\vendor\composer\ClassLoader.php(571): include('C:\\OSPanel\\doma...')
#5 C:\OSPanel\domains\laravel-vue-spa\vendor\composer\ClassLoader.php(428): Composer\Autoload\includeFile()
#6 [internal function]: Composer\Autoload\ClassLoader->loadClass()
#7 C:\OSPanel\domains\laravel-vue-spa\vendor\symfony\http-foundation\Request.php(22): class_exists()
#8 C:\OSPanel\domains\laravel-vue-spa\vendor\composer\ClassLoader.php(571): include('C:\\OSPanel\\doma...')
#9 C:\OSPanel\domains\laravel-vue-spa\vendor\composer\ClassLoader.php(428): Composer\Autoload\includeFile()
#10 C:\OSPanel\domains\laravel-vue-spa\vendor\laravel\framework\src\Illuminate\Http\Request.php(20): Composer\Autoload\ClassLoader->loadClass()
#11 C:\OSPanel\domains\laravel-vue-spa\vendor\composer\ClassLoader.php(571): include('C:\\OSPanel\\doma...')
#12 C:\OSPanel\domains\laravel-vue-spa\vendor\composer\ClassLoader.php(428): Composer\Autoload\includeFile()
#13 C:\OSPanel\domains\laravel-vue-spa\vendor\laravel\framework\src\Illuminate\Foundation\Bootstrap\SetRequestForConsole.php(31): Composer\Autoload\ClassLoader->loadClass()
#14 C:\OSPanel\domains\laravel-vue-spa\vendor\laravel\framework\src\Illuminate\Foundation\Application.php(237): Illuminate\Foundation\Bootstrap\SetRequestForConsole->bootstrap()
#15 C:\OSPanel\domains\laravel-vue-spa\vendor\laravel\framework\src\Illuminate\Foundation\Console\Kernel.php(310): Illuminate\Foundation\Application->bootstrapWith()
#16 C:\OSPanel\domains\laravel-vue-spa\vendor\laravel\framework\src\Illuminate\Foundation\Console\Kernel.php(127): Illuminate\Foundation\Console\Kernel->bootstrap()
#17 C:\OSPanel\domains\laravel-vue-spa\artisan(37): Illuminate\Foundation\Console\Kernel->handle()
#18 {main} {"exception":"[object] (Symfony\\Component\\ErrorHandler\\Error\\FatalError(code: 0): During inheritance of IteratorAggregate: Uncaught ErrorException: Return type of Symfony\\Component\\HttpFoundation\\ParameterBag::getIterator() should either be compatible with IteratorAggregate::getIterator(): Traversable, or the #[\\ReturnTypeWillChange] attribute should be used to temporarily suppress the notice in C:\\OSPanel\\domains\\laravel-vue-spa\\vendor\\symfony\\http-foundation\\ParameterBag.php:210
Stack trace:
#0 C:\\OSPanel\\domains\\laravel-vue-spa\\vendor\\symfony\\http-foundation\\ParameterBag.php(21): Illuminate\\Foundation\\Bootstrap\\HandleExceptions->handleError()
#1 C:\\OSPanel\\domains\\laravel-vue-spa\\vendor\\composer\\ClassLoader.php(571): include('C:\\\\OSPanel\\\\doma...')
#2 C:\\OSPanel\\domains\\laravel-vue-spa\\vendor\\composer\\ClassLoader.php(428): Composer\\Autoload\\includeFile()
#3 C:\\OSPanel\\domains\\laravel-vue-spa\\vendor\\symfony\\http-foundation\\FileBag.php(22): Composer\\Autoload\\ClassLoader->loadClass()
#4 C:\\OSPanel\\domains\\laravel-vue-spa\\vendor\\composer\\ClassLoader.php(571): include('C:\\\\OSPanel\\\\doma...')
#5 C:\\OSPanel\\domains\\laravel-vue-spa\\vendor\\composer\\ClassLoader.php(428): Composer\\Autoload\\includeFile()
#6 [internal function]: Composer\\Autoload\\ClassLoader->loadClass()
#7 C:\\OSPanel\\domains\\laravel-vue-spa\\vendor\\symfony\\http-foundation\\Request.php(22): class_exists()
#8 C:\\OSPanel\\domains\\laravel-vue-spa\\vendor\\composer\\ClassLoader.php(571): include('C:\\\\OSPanel\\\\doma...')
#9 C:\\OSPanel\\domains\\laravel-vue-spa\\vendor\\composer\\ClassLoader.php(428): Composer\\Autoload\\includeFile()
#10 C:\\OSPanel\\domains\\laravel-vue-spa\\vendor\\laravel\\framework\\src\\Illuminate\\Http\\Request.php(20): Composer\\Autoload\\ClassLoader->loadClass()
#11 C:\\OSPanel\\domains\\laravel-vue-spa\\vendor\\composer\\ClassLoader.php(571): include('C:\\\\OSPanel\\\\doma...')
#12 C:\\OSPanel\\domains\\laravel-vue-spa\\vendor\\composer\\ClassLoader.php(428): Composer\\Autoload\\includeFile()
#13 C:\\OSPanel\\domains\\laravel-vue-spa\\vendor\\laravel\\framework\\src\\Illuminate\\Foundation\\Bootstrap\\SetRequestForConsole.php(31): Composer\\Autoload\\ClassLoader->loadClass()
#14 C:\\OSPanel\\domains\\laravel-vue-spa\\vendor\\laravel\\framework\\src\\Illuminate\\Foundation\\Application.php(237): Illuminate\\Foundation\\Bootstrap\\SetRequestForConsole->bootstrap()
#15 C:\\OSPanel\\domains\\laravel-vue-spa\\vendor\\laravel\\framework\\src\\Illuminate\\Foundation\\Console\\Kernel.php(310): Illuminate\\Foundation\\Application->bootstrapWith()
#16 C:\\OSPanel\\domains\\laravel-vue-spa\\vendor\\laravel\\framework\\src\\Illuminate\\Foundation\\Console\\Kernel.php(127): Illuminate\\Foundation\\Console\\Kernel->bootstrap()
#17 C:\\OSPanel\\domains\\laravel-vue-spa\\artisan(37): Illuminate\\Foundation\\Console\\Kernel->handle()
#18 {main} at C:\\OSPanel\\domains\\laravel-vue-spa\\vendor\\symfony\\http-foundation\\ParameterBag.php:21)
[stacktrace]
#0 {main}
"} 
[2023-11-20 06:23:43] local.ERROR: During inheritance of IteratorAggregate: Uncaught ErrorException: Return type of Symfony\Component\HttpFoundation\ParameterBag::getIterator() should either be compatible with IteratorAggregate::getIterator(): Traversable, or the #[\ReturnTypeWillChange] attribute should be used to temporarily suppress the notice in C:\OSPanel\domains\laravel-vue-spa\vendor\symfony\http-foundation\ParameterBag.php:210
Stack trace:
#0 C:\OSPanel\domains\laravel-vue-spa\vendor\symfony\http-foundation\ParameterBag.php(21): Illuminate\Foundation\Bootstrap\HandleExceptions->handleError()
#1 C:\OSPanel\domains\laravel-vue-spa\vendor\composer\ClassLoader.php(571): include('C:\\OSPanel\\doma...')
#2 C:\OSPanel\domains\laravel-vue-spa\vendor\composer\ClassLoader.php(428): Composer\Autoload\includeFile()
#3 C:\OSPanel\domains\laravel-vue-spa\vendor\symfony\http-foundation\FileBag.php(22): Composer\Autoload\ClassLoader->loadClass()
#4 C:\OSPanel\domains\laravel-vue-spa\vendor\composer\ClassLoader.php(571): include('C:\\OSPanel\\doma...')
#5 C:\OSPanel\domains\laravel-vue-spa\vendor\composer\ClassLoader.php(428): Composer\Autoload\includeFile()
#6 [internal function]: Composer\Autoload\ClassLoader->loadClass()
#7 C:\OSPanel\domains\laravel-vue-spa\vendor\symfony\http-foundation\Request.php(22): class_exists()
#8 C:\OSPanel\domains\laravel-vue-spa\vendor\composer\ClassLoader.php(571): include('C:\\OSPanel\\doma...')
#9 C:\OSPanel\domains\laravel-vue-spa\vendor\composer\ClassLoader.php(428): Composer\Autoload\includeFile()
#10 C:\OSPanel\domains\laravel-vue-spa\vendor\laravel\framework\src\Illuminate\Http\Request.php(20): Composer\Autoload\ClassLoader->loadClass()
#11 C:\OSPanel\domains\laravel-vue-spa\vendor\composer\ClassLoader.php(571): include('C:\\OSPanel\\doma...')
#12 C:\OSPanel\domains\laravel-vue-spa\vendor\composer\ClassLoader.php(428): Composer\Autoload\includeFile()
#13 C:\OSPanel\domains\laravel-vue-spa\vendor\laravel\framework\src\Illuminate\Foundation\Bootstrap\SetRequestForConsole.php(31): Composer\Autoload\ClassLoader->loadClass()
#14 C:\OSPanel\domains\laravel-vue-spa\vendor\laravel\framework\src\Illuminate\Foundation\Application.php(237): Illuminate\Foundation\Bootstrap\SetRequestForConsole->bootstrap()
#15 C:\OSPanel\domains\laravel-vue-spa\vendor\laravel\framework\src\Illuminate\Foundation\Console\Kernel.php(310): Illuminate\Foundation\Application->bootstrapWith()
#16 C:\OSPanel\domains\laravel-vue-spa\vendor\laravel\framework\src\Illuminate\Foundation\Console\Kernel.php(127): Illuminate\Foundation\Console\Kernel->bootstrap()
#17 C:\OSPanel\domains\laravel-vue-spa\artisan(37): Illuminate\Foundation\Console\Kernel->handle()
#18 {main} {"exception":"[object] (Symfony\\Component\\ErrorHandler\\Error\\FatalError(code: 0): During inheritance of IteratorAggregate: Uncaught ErrorException: Return type of Symfony\\Component\\HttpFoundation\\ParameterBag::getIterator() should either be compatible with IteratorAggregate::getIterator(): Traversable, or the #[\\ReturnTypeWillChange] attribute should be used to temporarily suppress the notice in C:\\OSPanel\\domains\\laravel-vue-spa\\vendor\\symfony\\http-foundation\\ParameterBag.php:210
Stack trace:
#0 C:\\OSPanel\\domains\\laravel-vue-spa\\vendor\\symfony\\http-foundation\\ParameterBag.php(21): Illuminate\\Foundation\\Bootstrap\\HandleExceptions->handleError()
#1 C:\\OSPanel\\domains\\laravel-vue-spa\\vendor\\composer\\ClassLoader.php(571): include('C:\\\\OSPanel\\\\doma...')
#2 C:\\OSPanel\\domains\\laravel-vue-spa\\vendor\\composer\\ClassLoader.php(428): Composer\\Autoload\\includeFile()
#3 C:\\OSPanel\\domains\\laravel-vue-spa\\vendor\\symfony\\http-foundation\\FileBag.php(22): Composer\\Autoload\\ClassLoader->loadClass()
#4 C:\\OSPanel\\domains\\laravel-vue-spa\\vendor\\composer\\ClassLoader.php(571): include('C:\\\\OSPanel\\\\doma...')
#5 C:\\OSPanel\\domains\\laravel-vue-spa\\vendor\\composer\\ClassLoader.php(428): Composer\\Autoload\\includeFile()
#6 [internal function]: Composer\\Autoload\\ClassLoader->loadClass()
#7 C:\\OSPanel\\domains\\laravel-vue-spa\\vendor\\symfony\\http-foundation\\Request.php(22): class_exists()
#8 C:\\OSPanel\\domains\\laravel-vue-spa\\vendor\\composer\\ClassLoader.php(571): include('C:\\\\OSPanel\\\\doma...')
#9 C:\\OSPanel\\domains\\laravel-vue-spa\\vendor\\composer\\ClassLoader.php(428): Composer\\Autoload\\includeFile()
#10 C:\\OSPanel\\domains\\laravel-vue-spa\\vendor\\laravel\\framework\\src\\Illuminate\\Http\\Request.php(20): Composer\\Autoload\\ClassLoader->loadClass()
#11 C:\\OSPanel\\domains\\laravel-vue-spa\\vendor\\composer\\ClassLoader.php(571): include('C:\\\\OSPanel\\\\doma...')
#12 C:\\OSPanel\\domains\\laravel-vue-spa\\vendor\\composer\\ClassLoader.php(428): Composer\\Autoload\\includeFile()
#13 C:\\OSPanel\\domains\\laravel-vue-spa\\vendor\\laravel\\framework\\src\\Illuminate\\Foundation\\Bootstrap\\SetRequestForConsole.php(31): Composer\\Autoload\\ClassLoader->loadClass()
#14 C:\\OSPanel\\domains\\laravel-vue-spa\\vendor\\laravel\\framework\\src\\Illuminate\\Foundation\\Application.php(237): Illuminate\\Foundation\\Bootstrap\\SetRequestForConsole->bootstrap()
#15 C:\\OSPanel\\domains\\laravel-vue-spa\\vendor\\laravel\\framework\\src\\Illuminate\\Foundation\\Console\\Kernel.php(310): Illuminate\\Foundation\\Application->bootstrapWith()
#16 C:\\OSPanel\\domains\\laravel-vue-spa\\vendor\\laravel\\framework\\src\\Illuminate\\Foundation\\Console\\Kernel.php(127): Illuminate\\Foundation\\Console\\Kernel->bootstrap()
#17 C:\\OSPanel\\domains\\laravel-vue-spa\\artisan(37): Illuminate\\Foundation\\Console\\Kernel->handle()
#18 {main} at C:\\OSPanel\\domains\\laravel-vue-spa\\vendor\\symfony\\http-foundation\\ParameterBag.php:21)
[stacktrace]
#0 {main}
"} 
[2023-11-20 10:59:19] local.ERROR: During inheritance of IteratorAggregate: Uncaught ErrorException: Return type of Symfony\Component\HttpFoundation\ParameterBag::getIterator() should either be compatible with IteratorAggregate::getIterator(): Traversable, or the #[\ReturnTypeWillChange] attribute should be used to temporarily suppress the notice in C:\OSPanel\domains\laravel-vue-spa\vendor\symfony\http-foundation\ParameterBag.php:210
Stack trace:
#0 C:\OSPanel\domains\laravel-vue-spa\vendor\symfony\http-foundation\ParameterBag.php(21): Illuminate\Foundation\Bootstrap\HandleExceptions->handleError()
#1 C:\OSPanel\domains\laravel-vue-spa\vendor\composer\ClassLoader.php(571): include('C:\\OSPanel\\doma...')
#2 C:\OSPanel\domains\laravel-vue-spa\vendor\composer\ClassLoader.php(428): Composer\Autoload\includeFile()
#3 C:\OSPanel\domains\laravel-vue-spa\vendor\symfony\http-foundation\FileBag.php(22): Composer\Autoload\ClassLoader->loadClass()
#4 C:\OSPanel\domains\laravel-vue-spa\vendor\composer\ClassLoader.php(571): include('C:\\OSPanel\\doma...')
#5 C:\OSPanel\domains\laravel-vue-spa\vendor\composer\ClassLoader.php(428): Composer\Autoload\includeFile()
#6 [internal function]: Composer\Autoload\ClassLoader->loadClass()
#7 C:\OSPanel\domains\laravel-vue-spa\vendor\symfony\http-foundation\Request.php(22): class_exists()
#8 C:\OSPanel\domains\laravel-vue-spa\vendor\composer\ClassLoader.php(571): include('C:\\OSPanel\\doma...')
#9 C:\OSPanel\domains\laravel-vue-spa\vendor\composer\ClassLoader.php(428): Composer\Autoload\includeFile()
#10 C:\OSPanel\domains\laravel-vue-spa\vendor\laravel\framework\src\Illuminate\Http\Request.php(20): Composer\Autoload\ClassLoader->loadClass()
#11 C:\OSPanel\domains\laravel-vue-spa\vendor\composer\ClassLoader.php(571): include('C:\\OSPanel\\doma...')
#12 C:\OSPanel\domains\laravel-vue-spa\vendor\composer\ClassLoader.php(428): Composer\Autoload\includeFile()
#13 C:\OSPanel\domains\laravel-vue-spa\vendor\laravel\framework\src\Illuminate\Foundation\Bootstrap\SetRequestForConsole.php(31): Composer\Autoload\ClassLoader->loadClass()
#14 C:\OSPanel\domains\laravel-vue-spa\vendor\laravel\framework\src\Illuminate\Foundation\Application.php(237): Illuminate\Foundation\Bootstrap\SetRequestForConsole->bootstrap()
#15 C:\OSPanel\domains\laravel-vue-spa\vendor\laravel\framework\src\Illuminate\Foundation\Console\Kernel.php(310): Illuminate\Foundation\Application->bootstrapWith()
#16 C:\OSPanel\domains\laravel-vue-spa\vendor\laravel\framework\src\Illuminate\Foundation\Console\Kernel.php(127): Illuminate\Foundation\Console\Kernel->bootstrap()
#17 C:\OSPanel\domains\laravel-vue-spa\artisan(37): Illuminate\Foundation\Console\Kernel->handle()
#18 {main} {"exception":"[object] (Symfony\\Component\\ErrorHandler\\Error\\FatalError(code: 0): During inheritance of IteratorAggregate: Uncaught ErrorException: Return type of Symfony\\Component\\HttpFoundation\\ParameterBag::getIterator() should either be compatible with IteratorAggregate::getIterator(): Traversable, or the #[\\ReturnTypeWillChange] attribute should be used to temporarily suppress the notice in C:\\OSPanel\\domains\\laravel-vue-spa\\vendor\\symfony\\http-foundation\\ParameterBag.php:210
Stack trace:
#0 C:\\OSPanel\\domains\\laravel-vue-spa\\vendor\\symfony\\http-foundation\\ParameterBag.php(21): Illuminate\\Foundation\\Bootstrap\\HandleExceptions->handleError()
#1 C:\\OSPanel\\domains\\laravel-vue-spa\\vendor\\composer\\ClassLoader.php(571): include('C:\\\\OSPanel\\\\doma...')
#2 C:\\OSPanel\\domains\\laravel-vue-spa\\vendor\\composer\\ClassLoader.php(428): Composer\\Autoload\\includeFile()
#3 C:\\OSPanel\\domains\\laravel-vue-spa\\vendor\\symfony\\http-foundation\\FileBag.php(22): Composer\\Autoload\\ClassLoader->loadClass()
#4 C:\\OSPanel\\domains\\laravel-vue-spa\\vendor\\composer\\ClassLoader.php(571): include('C:\\\\OSPanel\\\\doma...')
#5 C:\\OSPanel\\domains\\laravel-vue-spa\\vendor\\composer\\ClassLoader.php(428): Composer\\Autoload\\includeFile()
#6 [internal function]: Composer\\Autoload\\ClassLoader->loadClass()
#7 C:\\OSPanel\\domains\\laravel-vue-spa\\vendor\\symfony\\http-foundation\\Request.php(22): class_exists()
#8 C:\\OSPanel\\domains\\laravel-vue-spa\\vendor\\composer\\ClassLoader.php(571): include('C:\\\\OSPanel\\\\doma...')
#9 C:\\OSPanel\\domains\\laravel-vue-spa\\vendor\\composer\\ClassLoader.php(428): Composer\\Autoload\\includeFile()
#10 C:\\OSPanel\\domains\\laravel-vue-spa\\vendor\\laravel\\framework\\src\\Illuminate\\Http\\Request.php(20): Composer\\Autoload\\ClassLoader->loadClass()
#11 C:\\OSPanel\\domains\\laravel-vue-spa\\vendor\\composer\\ClassLoader.php(571): include('C:\\\\OSPanel\\\\doma...')
#12 C:\\OSPanel\\domains\\laravel-vue-spa\\vendor\\composer\\ClassLoader.php(428): Composer\\Autoload\\includeFile()
#13 C:\\OSPanel\\domains\\laravel-vue-spa\\vendor\\laravel\\framework\\src\\Illuminate\\Foundation\\Bootstrap\\SetRequestForConsole.php(31): Composer\\Autoload\\ClassLoader->loadClass()
#14 C:\\OSPanel\\domains\\laravel-vue-spa\\vendor\\laravel\\framework\\src\\Illuminate\\Foundation\\Application.php(237): Illuminate\\Foundation\\Bootstrap\\SetRequestForConsole->bootstrap()
#15 C:\\OSPanel\\domains\\laravel-vue-spa\\vendor\\laravel\\framework\\src\\Illuminate\\Foundation\\Console\\Kernel.php(310): Illuminate\\Foundation\\Application->bootstrapWith()
#16 C:\\OSPanel\\domains\\laravel-vue-spa\\vendor\\laravel\\framework\\src\\Illuminate\\Foundation\\Console\\Kernel.php(127): Illuminate\\Foundation\\Console\\Kernel->bootstrap()
#17 C:\\OSPanel\\domains\\laravel-vue-spa\\artisan(37): Illuminate\\Foundation\\Console\\Kernel->handle()
#18 {main} at C:\\OSPanel\\domains\\laravel-vue-spa\\vendor\\symfony\\http-foundation\\ParameterBag.php:21)
[stacktrace]
#0 {main}
"} 
[2023-11-21 09:12:41] local.ERROR: Attempt to read property "id" on null {"userId":14,"exception":"[object] (ErrorException(code: 0): Attempt to read property \"id\" on null at C:\\OSPanel\\domains\\laravel-vue-spa\\vendor\\laravel\\framework\\src\\Illuminate\\Http\\Resources\\DelegatesToResource.php:140)
[stacktrace]
#0 C:\\OSPanel\\domains\\laravel-vue-spa\\vendor\\laravel\\framework\\src\\Illuminate\\Http\\Resources\\DelegatesToResource.php(140): Illuminate\\Foundation\\Bootstrap\\HandleExceptions->handleError()
#1 C:\\OSPanel\\domains\\laravel-vue-spa\\app\\Http\\Resources\\UserResource.php(18): Illuminate\\Http\\Resources\\Json\\JsonResource->__get()
#2 C:\\OSPanel\\domains\\laravel-vue-spa\\vendor\\laravel\\framework\\src\\Illuminate\\Http\\Resources\\Json\\JsonResource.php(95): App\\Http\\Resources\\UserResource->toArray()
#3 C:\\OSPanel\\domains\\laravel-vue-spa\\vendor\\laravel\\framework\\src\\Illuminate\\Http\\Resources\\Json\\ResourceResponse.php(39): Illuminate\\Http\\Resources\\Json\\JsonResource->resolve()
#4 C:\\OSPanel\\domains\\laravel-vue-spa\\vendor\\laravel\\framework\\src\\Illuminate\\Http\\Resources\\Json\\JsonResource.php(221): Illuminate\\Http\\Resources\\Json\\ResourceResponse->toResponse()
#5 C:\\OSPanel\\domains\\laravel-vue-spa\\vendor\\laravel\\framework\\src\\Illuminate\\Routing\\Router.php(776): Illuminate\\Http\\Resources\\Json\\JsonResource->toResponse()
#6 C:\\OSPanel\\domains\\laravel-vue-spa\\vendor\\laravel\\framework\\src\\Illuminate\\Routing\\Router.php(763): Illuminate\\Routing\\Router::toResponse()
#7 C:\\OSPanel\\domains\\laravel-vue-spa\\vendor\\laravel\\framework\\src\\Illuminate\\Routing\\Router.php(695): Illuminate\\Routing\\Router->prepareResponse()
#8 C:\\OSPanel\\domains\\laravel-vue-spa\\vendor\\laravel\\framework\\src\\Illuminate\\Pipeline\\Pipeline.php(128): Illuminate\\Routing\\Router->Illuminate\\Routing\\{closure}()
#9 C:\\OSPanel\\domains\\laravel-vue-spa\\vendor\\laravel\\framework\\src\\Illuminate\\Routing\\Middleware\\SubstituteBindings.php(50): Illuminate\\Pipeline\\Pipeline->Illuminate\\Pipeline\\{closure}()
#10 C:\\OSPanel\\domains\\laravel-vue-spa\\vendor\\laravel\\framework\\src\\Illuminate\\Pipeline\\Pipeline.php(167): Illuminate\\Routing\\Middleware\\SubstituteBindings->handle()
#11 C:\\OSPanel\\domains\\laravel-vue-spa\\vendor\\laravel\\framework\\src\\Illuminate\\Routing\\Middleware\\ThrottleRequests.php(127): Illuminate\\Pipeline\\Pipeline->Illuminate\\Pipeline\\{closure}()
#12 C:\\OSPanel\\domains\\laravel-vue-spa\\vendor\\laravel\\framework\\src\\Illuminate\\Routing\\Middleware\\ThrottleRequests.php(63): Illuminate\\Routing\\Middleware\\ThrottleRequests->handleRequest()
#13 C:\\OSPanel\\domains\\laravel-vue-spa\\vendor\\laravel\\framework\\src\\Illuminate\\Pipeline\\Pipeline.php(167): Illuminate\\Routing\\Middleware\\ThrottleRequests->handle()
#14 C:\\OSPanel\\domains\\laravel-vue-spa\\vendor\\laravel\\framework\\src\\Illuminate\\Auth\\Middleware\\Authenticate.php(44): Illuminate\\Pipeline\\Pipeline->Illuminate\\Pipeline\\{closure}()
#15 C:\\OSPanel\\domains\\laravel-vue-spa\\vendor\\laravel\\framework\\src\\Illuminate\\Pipeline\\Pipeline.php(167): Illuminate\\Auth\\Middleware\\Authenticate->handle()
#16 C:\\OSPanel\\domains\\laravel-vue-spa\\vendor\\laravel\\framework\\src\\Illuminate\\Pipeline\\Pipeline.php(103): Illuminate\\Pipeline\\Pipeline->Illuminate\\Pipeline\\{closure}()
#17 C:\\OSPanel\\domains\\laravel-vue-spa\\vendor\\laravel\\framework\\src\\Illuminate\\Routing\\Router.php(697): Illuminate\\Pipeline\\Pipeline->then()
#18 C:\\OSPanel\\domains\\laravel-vue-spa\\vendor\\laravel\\framework\\src\\Illuminate\\Routing\\Router.php(672): Illuminate\\Routing\\Router->runRouteWithinStack()
#19 C:\\OSPanel\\domains\\laravel-vue-spa\\vendor\\laravel\\framework\\src\\Illuminate\\Routing\\Router.php(636): Illuminate\\Routing\\Router->runRoute()
#20 C:\\OSPanel\\domains\\laravel-vue-spa\\vendor\\laravel\\framework\\src\\Illuminate\\Routing\\Router.php(625): Illuminate\\Routing\\Router->dispatchToRoute()
#21 C:\\OSPanel\\domains\\laravel-vue-spa\\vendor\\laravel\\framework\\src\\Illuminate\\Foundation\\Http\\Kernel.php(166): Illuminate\\Routing\\Router->dispatch()
#22 C:\\OSPanel\\domains\\laravel-vue-spa\\vendor\\laravel\\framework\\src\\Illuminate\\Pipeline\\Pipeline.php(128): Illuminate\\Foundation\\Http\\Kernel->Illuminate\\Foundation\\Http\\{closure}()
#23 C:\\OSPanel\\domains\\laravel-vue-spa\\app\\Http\\Middleware\\SetLocale.php(22): Illuminate\\Pipeline\\Pipeline->Illuminate\\Pipeline\\{closure}()
#24 C:\\OSPanel\\domains\\laravel-vue-spa\\vendor\\laravel\\framework\\src\\Illuminate\\Pipeline\\Pipeline.php(167): App\\Http\\Middleware\\SetLocale->handle()
#25 C:\\OSPanel\\domains\\laravel-vue-spa\\vendor\\laravel\\framework\\src\\Illuminate\\Foundation\\Http\\Middleware\\TransformsRequest.php(21): Illuminate\\Pipeline\\Pipeline->Illuminate\\Pipeline\\{closure}()
#26 C:\\OSPanel\\domains\\laravel-vue-spa\\vendor\\laravel\\framework\\src\\Illuminate\\Foundation\\Http\\Middleware\\ConvertEmptyStringsToNull.php(31): Illuminate\\Foundation\\Http\\Middleware\\TransformsRequest->handle()
#27 C:\\OSPanel\\domains\\laravel-vue-spa\\vendor\\laravel\\framework\\src\\Illuminate\\Pipeline\\Pipeline.php(167): Illuminate\\Foundation\\Http\\Middleware\\ConvertEmptyStringsToNull->handle()
#28 C:\\OSPanel\\domains\\laravel-vue-spa\\vendor\\laravel\\framework\\src\\Illuminate\\Foundation\\Http\\Middleware\\TransformsRequest.php(21): Illuminate\\Pipeline\\Pipeline->Illuminate\\Pipeline\\{closure}()
#29 C:\\OSPanel\\domains\\laravel-vue-spa\\vendor\\laravel\\framework\\src\\Illuminate\\Foundation\\Http\\Middleware\\TrimStrings.php(40): Illuminate\\Foundation\\Http\\Middleware\\TransformsRequest->handle()
#30 C:\\OSPanel\\domains\\laravel-vue-spa\\vendor\\laravel\\framework\\src\\Illuminate\\Pipeline\\Pipeline.php(167): Illuminate\\Foundation\\Http\\Middleware\\TrimStrings->handle()
#31 C:\\OSPanel\\domains\\laravel-vue-spa\\vendor\\laravel\\framework\\src\\Illuminate\\Foundation\\Http\\Middleware\\ValidatePostSize.php(27): Illuminate\\Pipeline\\Pipeline->Illuminate\\Pipeline\\{closure}()
#32 C:\\OSPanel\\domains\\laravel-vue-spa\\vendor\\laravel\\framework\\src\\Illuminate\\Pipeline\\Pipeline.php(167): Illuminate\\Foundation\\Http\\Middleware\\ValidatePostSize->handle()
#33 C:\\OSPanel\\domains\\laravel-vue-spa\\vendor\\laravel\\framework\\src\\Illuminate\\Foundation\\Http\\Middleware\\PreventRequestsDuringMaintenance.php(86): Illuminate\\Pipeline\\Pipeline->Illuminate\\Pipeline\\{closure}()
#34 C:\\OSPanel\\domains\\laravel-vue-spa\\vendor\\laravel\\framework\\src\\Illuminate\\Pipeline\\Pipeline.php(167): Illuminate\\Foundation\\Http\\Middleware\\PreventRequestsDuringMaintenance->handle()
#35 C:\\OSPanel\\domains\\laravel-vue-spa\\vendor\\fruitcake\\laravel-cors\\src\\HandleCors.php(52): Illuminate\\Pipeline\\Pipeline->Illuminate\\Pipeline\\{closure}()
#36 C:\\OSPanel\\domains\\laravel-vue-spa\\vendor\\laravel\\framework\\src\\Illuminate\\Pipeline\\Pipeline.php(167): Fruitcake\\Cors\\HandleCors->handle()
#37 C:\\OSPanel\\domains\\laravel-vue-spa\\vendor\\fideloper\\proxy\\src\\TrustProxies.php(57): Illuminate\\Pipeline\\Pipeline->Illuminate\\Pipeline\\{closure}()
#38 C:\\OSPanel\\domains\\laravel-vue-spa\\vendor\\laravel\\framework\\src\\Illuminate\\Pipeline\\Pipeline.php(167): Fideloper\\Proxy\\TrustProxies->handle()
#39 C:\\OSPanel\\domains\\laravel-vue-spa\\vendor\\laravel\\framework\\src\\Illuminate\\Pipeline\\Pipeline.php(103): Illuminate\\Pipeline\\Pipeline->Illuminate\\Pipeline\\{closure}()
#40 C:\\OSPanel\\domains\\laravel-vue-spa\\vendor\\laravel\\framework\\src\\Illuminate\\Foundation\\Http\\Kernel.php(141): Illuminate\\Pipeline\\Pipeline->then()
#41 C:\\OSPanel\\domains\\laravel-vue-spa\\vendor\\laravel\\framework\\src\\Illuminate\\Foundation\\Http\\Kernel.php(110): Illuminate\\Foundation\\Http\\Kernel->sendRequestThroughRouter()
#42 C:\\OSPanel\\domains\\laravel-vue-spa\\public\\index.php(52): Illuminate\\Foundation\\Http\\Kernel->handle()
#43 C:\\OSPanel\\domains\\laravel-vue-spa\\server.php(19): require_once('C:\\\\OSPanel\\\\doma...')
#44 {main}
"} 
[2023-11-21 09:13:38] local.ERROR: Attempt to read property "id" on null {"userId":14,"exception":"[object] (ErrorException(code: 0): Attempt to read property \"id\" on null at C:\\OSPanel\\domains\\laravel-vue-spa\\vendor\\laravel\\framework\\src\\Illuminate\\Http\\Resources\\DelegatesToResource.php:140)
[stacktrace]
#0 C:\\OSPanel\\domains\\laravel-vue-spa\\vendor\\laravel\\framework\\src\\Illuminate\\Http\\Resources\\DelegatesToResource.php(140): Illuminate\\Foundation\\Bootstrap\\HandleExceptions->handleError()
#1 C:\\OSPanel\\domains\\laravel-vue-spa\\app\\Http\\Resources\\UserResource.php(18): Illuminate\\Http\\Resources\\Json\\JsonResource->__get()
#2 C:\\OSPanel\\domains\\laravel-vue-spa\\vendor\\laravel\\framework\\src\\Illuminate\\Http\\Resources\\Json\\JsonResource.php(95): App\\Http\\Resources\\UserResource->toArray()
#3 C:\\OSPanel\\domains\\laravel-vue-spa\\vendor\\laravel\\framework\\src\\Illuminate\\Http\\Resources\\Json\\ResourceResponse.php(39): Illuminate\\Http\\Resources\\Json\\JsonResource->resolve()
#4 C:\\OSPanel\\domains\\laravel-vue-spa\\vendor\\laravel\\framework\\src\\Illuminate\\Http\\Resources\\Json\\JsonResource.php(221): Illuminate\\Http\\Resources\\Json\\ResourceResponse->toResponse()
#5 C:\\OSPanel\\domains\\laravel-vue-spa\\vendor\\laravel\\framework\\src\\Illuminate\\Routing\\Router.php(776): Illuminate\\Http\\Resources\\Json\\JsonResource->toResponse()
#6 C:\\OSPanel\\domains\\laravel-vue-spa\\vendor\\laravel\\framework\\src\\Illuminate\\Routing\\Router.php(763): Illuminate\\Routing\\Router::toResponse()
#7 C:\\OSPanel\\domains\\laravel-vue-spa\\vendor\\laravel\\framework\\src\\Illuminate\\Routing\\Router.php(695): Illuminate\\Routing\\Router->prepareResponse()
#8 C:\\OSPanel\\domains\\laravel-vue-spa\\vendor\\laravel\\framework\\src\\Illuminate\\Pipeline\\Pipeline.php(128): Illuminate\\Routing\\Router->Illuminate\\Routing\\{closure}()
#9 C:\\OSPanel\\domains\\laravel-vue-spa\\vendor\\laravel\\framework\\src\\Illuminate\\Routing\\Middleware\\SubstituteBindings.php(50): Illuminate\\Pipeline\\Pipeline->Illuminate\\Pipeline\\{closure}()
#10 C:\\OSPanel\\domains\\laravel-vue-spa\\vendor\\laravel\\framework\\src\\Illuminate\\Pipeline\\Pipeline.php(167): Illuminate\\Routing\\Middleware\\SubstituteBindings->handle()
#11 C:\\OSPanel\\domains\\laravel-vue-spa\\vendor\\laravel\\framework\\src\\Illuminate\\Routing\\Middleware\\ThrottleRequests.php(127): Illuminate\\Pipeline\\Pipeline->Illuminate\\Pipeline\\{closure}()
#12 C:\\OSPanel\\domains\\laravel-vue-spa\\vendor\\laravel\\framework\\src\\Illuminate\\Routing\\Middleware\\ThrottleRequests.php(63): Illuminate\\Routing\\Middleware\\ThrottleRequests->handleRequest()
#13 C:\\OSPanel\\domains\\laravel-vue-spa\\vendor\\laravel\\framework\\src\\Illuminate\\Pipeline\\Pipeline.php(167): Illuminate\\Routing\\Middleware\\ThrottleRequests->handle()
#14 C:\\OSPanel\\domains\\laravel-vue-spa\\vendor\\laravel\\framework\\src\\Illuminate\\Auth\\Middleware\\Authenticate.php(44): Illuminate\\Pipeline\\Pipeline->Illuminate\\Pipeline\\{closure}()
#15 C:\\OSPanel\\domains\\laravel-vue-spa\\vendor\\laravel\\framework\\src\\Illuminate\\Pipeline\\Pipeline.php(167): Illuminate\\Auth\\Middleware\\Authenticate->handle()
#16 C:\\OSPanel\\domains\\laravel-vue-spa\\vendor\\laravel\\framework\\src\\Illuminate\\Pipeline\\Pipeline.php(103): Illuminate\\Pipeline\\Pipeline->Illuminate\\Pipeline\\{closure}()
#17 C:\\OSPanel\\domains\\laravel-vue-spa\\vendor\\laravel\\framework\\src\\Illuminate\\Routing\\Router.php(697): Illuminate\\Pipeline\\Pipeline->then()
#18 C:\\OSPanel\\domains\\laravel-vue-spa\\vendor\\laravel\\framework\\src\\Illuminate\\Routing\\Router.php(672): Illuminate\\Routing\\Router->runRouteWithinStack()
#19 C:\\OSPanel\\domains\\laravel-vue-spa\\vendor\\laravel\\framework\\src\\Illuminate\\Routing\\Router.php(636): Illuminate\\Routing\\Router->runRoute()
#20 C:\\OSPanel\\domains\\laravel-vue-spa\\vendor\\laravel\\framework\\src\\Illuminate\\Routing\\Router.php(625): Illuminate\\Routing\\Router->dispatchToRoute()
#21 C:\\OSPanel\\domains\\laravel-vue-spa\\vendor\\laravel\\framework\\src\\Illuminate\\Foundation\\Http\\Kernel.php(166): Illuminate\\Routing\\Router->dispatch()
#22 C:\\OSPanel\\domains\\laravel-vue-spa\\vendor\\laravel\\framework\\src\\Illuminate\\Pipeline\\Pipeline.php(128): Illuminate\\Foundation\\Http\\Kernel->Illuminate\\Foundation\\Http\\{closure}()
#23 C:\\OSPanel\\domains\\laravel-vue-spa\\app\\Http\\Middleware\\SetLocale.php(22): Illuminate\\Pipeline\\Pipeline->Illuminate\\Pipeline\\{closure}()
#24 C:\\OSPanel\\domains\\laravel-vue-spa\\vendor\\laravel\\framework\\src\\Illuminate\\Pipeline\\Pipeline.php(167): App\\Http\\Middleware\\SetLocale->handle()
#25 C:\\OSPanel\\domains\\laravel-vue-spa\\vendor\\laravel\\framework\\src\\Illuminate\\Foundation\\Http\\Middleware\\TransformsRequest.php(21): Illuminate\\Pipeline\\Pipeline->Illuminate\\Pipeline\\{closure}()
#26 C:\\OSPanel\\domains\\laravel-vue-spa\\vendor\\laravel\\framework\\src\\Illuminate\\Foundation\\Http\\Middleware\\ConvertEmptyStringsToNull.php(31): Illuminate\\Foundation\\Http\\Middleware\\TransformsRequest->handle()
#27 C:\\OSPanel\\domains\\laravel-vue-spa\\vendor\\laravel\\framework\\src\\Illuminate\\Pipeline\\Pipeline.php(167): Illuminate\\Foundation\\Http\\Middleware\\ConvertEmptyStringsToNull->handle()
#28 C:\\OSPanel\\domains\\laravel-vue-spa\\vendor\\laravel\\framework\\src\\Illuminate\\Foundation\\Http\\Middleware\\TransformsRequest.php(21): Illuminate\\Pipeline\\Pipeline->Illuminate\\Pipeline\\{closure}()
#29 C:\\OSPanel\\domains\\laravel-vue-spa\\vendor\\laravel\\framework\\src\\Illuminate\\Foundation\\Http\\Middleware\\TrimStrings.php(40): Illuminate\\Foundation\\Http\\Middleware\\TransformsRequest->handle()
#30 C:\\OSPanel\\domains\\laravel-vue-spa\\vendor\\laravel\\framework\\src\\Illuminate\\Pipeline\\Pipeline.php(167): Illuminate\\Foundation\\Http\\Middleware\\TrimStrings->handle()
#31 C:\\OSPanel\\domains\\laravel-vue-spa\\vendor\\laravel\\framework\\src\\Illuminate\\Foundation\\Http\\Middleware\\ValidatePostSize.php(27): Illuminate\\Pipeline\\Pipeline->Illuminate\\Pipeline\\{closure}()
#32 C:\\OSPanel\\domains\\laravel-vue-spa\\vendor\\laravel\\framework\\src\\Illuminate\\Pipeline\\Pipeline.php(167): Illuminate\\Foundation\\Http\\Middleware\\ValidatePostSize->handle()
#33 C:\\OSPanel\\domains\\laravel-vue-spa\\vendor\\laravel\\framework\\src\\Illuminate\\Foundation\\Http\\Middleware\\PreventRequestsDuringMaintenance.php(86): Illuminate\\Pipeline\\Pipeline->Illuminate\\Pipeline\\{closure}()
#34 C:\\OSPanel\\domains\\laravel-vue-spa\\vendor\\laravel\\framework\\src\\Illuminate\\Pipeline\\Pipeline.php(167): Illuminate\\Foundation\\Http\\Middleware\\PreventRequestsDuringMaintenance->handle()
#35 C:\\OSPanel\\domains\\laravel-vue-spa\\vendor\\fruitcake\\laravel-cors\\src\\HandleCors.php(52): Illuminate\\Pipeline\\Pipeline->Illuminate\\Pipeline\\{closure}()
#36 C:\\OSPanel\\domains\\laravel-vue-spa\\vendor\\laravel\\framework\\src\\Illuminate\\Pipeline\\Pipeline.php(167): Fruitcake\\Cors\\HandleCors->handle()
#37 C:\\OSPanel\\domains\\laravel-vue-spa\\vendor\\fideloper\\proxy\\src\\TrustProxies.php(57): Illuminate\\Pipeline\\Pipeline->Illuminate\\Pipeline\\{closure}()
#38 C:\\OSPanel\\domains\\laravel-vue-spa\\vendor\\laravel\\framework\\src\\Illuminate\\Pipeline\\Pipeline.php(167): Fideloper\\Proxy\\TrustProxies->handle()
#39 C:\\OSPanel\\domains\\laravel-vue-spa\\vendor\\laravel\\framework\\src\\Illuminate\\Pipeline\\Pipeline.php(103): Illuminate\\Pipeline\\Pipeline->Illuminate\\Pipeline\\{closure}()
#40 C:\\OSPanel\\domains\\laravel-vue-spa\\vendor\\laravel\\framework\\src\\Illuminate\\Foundation\\Http\\Kernel.php(141): Illuminate\\Pipeline\\Pipeline->then()
#41 C:\\OSPanel\\domains\\laravel-vue-spa\\vendor\\laravel\\framework\\src\\Illuminate\\Foundation\\Http\\Kernel.php(110): Illuminate\\Foundation\\Http\\Kernel->sendRequestThroughRouter()
#42 C:\\OSPanel\\domains\\laravel-vue-spa\\public\\index.php(52): Illuminate\\Foundation\\Http\\Kernel->handle()
#43 C:\\OSPanel\\domains\\laravel-vue-spa\\server.php(19): require_once('C:\\\\OSPanel\\\\doma...')
#44 {main}
"} 
[2023-11-21 09:14:35] local.ERROR: Attempt to read property "id" on null {"userId":14,"exception":"[object] (ErrorException(code: 0): Attempt to read property \"id\" on null at C:\\OSPanel\\domains\\laravel-vue-spa\\vendor\\laravel\\framework\\src\\Illuminate\\Http\\Resources\\DelegatesToResource.php:140)
[stacktrace]
#0 C:\\OSPanel\\domains\\laravel-vue-spa\\vendor\\laravel\\framework\\src\\Illuminate\\Http\\Resources\\DelegatesToResource.php(140): Illuminate\\Foundation\\Bootstrap\\HandleExceptions->handleError()
#1 C:\\OSPanel\\domains\\laravel-vue-spa\\app\\Http\\Resources\\UserResource.php(18): Illuminate\\Http\\Resources\\Json\\JsonResource->__get()
#2 C:\\OSPanel\\domains\\laravel-vue-spa\\vendor\\laravel\\framework\\src\\Illuminate\\Http\\Resources\\Json\\JsonResource.php(95): App\\Http\\Resources\\UserResource->toArray()
#3 C:\\OSPanel\\domains\\laravel-vue-spa\\vendor\\laravel\\framework\\src\\Illuminate\\Http\\Resources\\Json\\ResourceResponse.php(39): Illuminate\\Http\\Resources\\Json\\JsonResource->resolve()
#4 C:\\OSPanel\\domains\\laravel-vue-spa\\vendor\\laravel\\framework\\src\\Illuminate\\Http\\Resources\\Json\\JsonResource.php(221): Illuminate\\Http\\Resources\\Json\\ResourceResponse->toResponse()
#5 C:\\OSPanel\\domains\\laravel-vue-spa\\vendor\\laravel\\framework\\src\\Illuminate\\Routing\\Router.php(776): Illuminate\\Http\\Resources\\Json\\JsonResource->toResponse()
#6 C:\\OSPanel\\domains\\laravel-vue-spa\\vendor\\laravel\\framework\\src\\Illuminate\\Routing\\Router.php(763): Illuminate\\Routing\\Router::toResponse()
#7 C:\\OSPanel\\domains\\laravel-vue-spa\\vendor\\laravel\\framework\\src\\Illuminate\\Routing\\Router.php(695): Illuminate\\Routing\\Router->prepareResponse()
#8 C:\\OSPanel\\domains\\laravel-vue-spa\\vendor\\laravel\\framework\\src\\Illuminate\\Pipeline\\Pipeline.php(128): Illuminate\\Routing\\Router->Illuminate\\Routing\\{closure}()
#9 C:\\OSPanel\\domains\\laravel-vue-spa\\vendor\\laravel\\framework\\src\\Illuminate\\Routing\\Middleware\\SubstituteBindings.php(50): Illuminate\\Pipeline\\Pipeline->Illuminate\\Pipeline\\{closure}()
#10 C:\\OSPanel\\domains\\laravel-vue-spa\\vendor\\laravel\\framework\\src\\Illuminate\\Pipeline\\Pipeline.php(167): Illuminate\\Routing\\Middleware\\SubstituteBindings->handle()
#11 C:\\OSPanel\\domains\\laravel-vue-spa\\vendor\\laravel\\framework\\src\\Illuminate\\Routing\\Middleware\\ThrottleRequests.php(127): Illuminate\\Pipeline\\Pipeline->Illuminate\\Pipeline\\{closure}()
#12 C:\\OSPanel\\domains\\laravel-vue-spa\\vendor\\laravel\\framework\\src\\Illuminate\\Routing\\Middleware\\ThrottleRequests.php(63): Illuminate\\Routing\\Middleware\\ThrottleRequests->handleRequest()
#13 C:\\OSPanel\\domains\\laravel-vue-spa\\vendor\\laravel\\framework\\src\\Illuminate\\Pipeline\\Pipeline.php(167): Illuminate\\Routing\\Middleware\\ThrottleRequests->handle()
#14 C:\\OSPanel\\domains\\laravel-vue-spa\\vendor\\laravel\\framework\\src\\Illuminate\\Auth\\Middleware\\Authenticate.php(44): Illuminate\\Pipeline\\Pipeline->Illuminate\\Pipeline\\{closure}()
#15 C:\\OSPanel\\domains\\laravel-vue-spa\\vendor\\laravel\\framework\\src\\Illuminate\\Pipeline\\Pipeline.php(167): Illuminate\\Auth\\Middleware\\Authenticate->handle()
#16 C:\\OSPanel\\domains\\laravel-vue-spa\\vendor\\laravel\\framework\\src\\Illuminate\\Pipeline\\Pipeline.php(103): Illuminate\\Pipeline\\Pipeline->Illuminate\\Pipeline\\{closure}()
#17 C:\\OSPanel\\domains\\laravel-vue-spa\\vendor\\laravel\\framework\\src\\Illuminate\\Routing\\Router.php(697): Illuminate\\Pipeline\\Pipeline->then()
#18 C:\\OSPanel\\domains\\laravel-vue-spa\\vendor\\laravel\\framework\\src\\Illuminate\\Routing\\Router.php(672): Illuminate\\Routing\\Router->runRouteWithinStack()
#19 C:\\OSPanel\\domains\\laravel-vue-spa\\vendor\\laravel\\framework\\src\\Illuminate\\Routing\\Router.php(636): Illuminate\\Routing\\Router->runRoute()
#20 C:\\OSPanel\\domains\\laravel-vue-spa\\vendor\\laravel\\framework\\src\\Illuminate\\Routing\\Router.php(625): Illuminate\\Routing\\Router->dispatchToRoute()
#21 C:\\OSPanel\\domains\\laravel-vue-spa\\vendor\\laravel\\framework\\src\\Illuminate\\Foundation\\Http\\Kernel.php(166): Illuminate\\Routing\\Router->dispatch()
#22 C:\\OSPanel\\domains\\laravel-vue-spa\\vendor\\laravel\\framework\\src\\Illuminate\\Pipeline\\Pipeline.php(128): Illuminate\\Foundation\\Http\\Kernel->Illuminate\\Foundation\\Http\\{closure}()
#23 C:\\OSPanel\\domains\\laravel-vue-spa\\app\\Http\\Middleware\\SetLocale.php(22): Illuminate\\Pipeline\\Pipeline->Illuminate\\Pipeline\\{closure}()
#24 C:\\OSPanel\\domains\\laravel-vue-spa\\vendor\\laravel\\framework\\src\\Illuminate\\Pipeline\\Pipeline.php(167): App\\Http\\Middleware\\SetLocale->handle()
#25 C:\\OSPanel\\domains\\laravel-vue-spa\\vendor\\laravel\\framework\\src\\Illuminate\\Foundation\\Http\\Middleware\\TransformsRequest.php(21): Illuminate\\Pipeline\\Pipeline->Illuminate\\Pipeline\\{closure}()
#26 C:\\OSPanel\\domains\\laravel-vue-spa\\vendor\\laravel\\framework\\src\\Illuminate\\Foundation\\Http\\Middleware\\ConvertEmptyStringsToNull.php(31): Illuminate\\Foundation\\Http\\Middleware\\TransformsRequest->handle()
#27 C:\\OSPanel\\domains\\laravel-vue-spa\\vendor\\laravel\\framework\\src\\Illuminate\\Pipeline\\Pipeline.php(167): Illuminate\\Foundation\\Http\\Middleware\\ConvertEmptyStringsToNull->handle()
#28 C:\\OSPanel\\domains\\laravel-vue-spa\\vendor\\laravel\\framework\\src\\Illuminate\\Foundation\\Http\\Middleware\\TransformsRequest.php(21): Illuminate\\Pipeline\\Pipeline->Illuminate\\Pipeline\\{closure}()
#29 C:\\OSPanel\\domains\\laravel-vue-spa\\vendor\\laravel\\framework\\src\\Illuminate\\Foundation\\Http\\Middleware\\TrimStrings.php(40): Illuminate\\Foundation\\Http\\Middleware\\TransformsRequest->handle()
#30 C:\\OSPanel\\domains\\laravel-vue-spa\\vendor\\laravel\\framework\\src\\Illuminate\\Pipeline\\Pipeline.php(167): Illuminate\\Foundation\\Http\\Middleware\\TrimStrings->handle()
#31 C:\\OSPanel\\domains\\laravel-vue-spa\\vendor\\laravel\\framework\\src\\Illuminate\\Foundation\\Http\\Middleware\\ValidatePostSize.php(27): Illuminate\\Pipeline\\Pipeline->Illuminate\\Pipeline\\{closure}()
#32 C:\\OSPanel\\domains\\laravel-vue-spa\\vendor\\laravel\\framework\\src\\Illuminate\\Pipeline\\Pipeline.php(167): Illuminate\\Foundation\\Http\\Middleware\\ValidatePostSize->handle()
#33 C:\\OSPanel\\domains\\laravel-vue-spa\\vendor\\laravel\\framework\\src\\Illuminate\\Foundation\\Http\\Middleware\\PreventRequestsDuringMaintenance.php(86): Illuminate\\Pipeline\\Pipeline->Illuminate\\Pipeline\\{closure}()
#34 C:\\OSPanel\\domains\\laravel-vue-spa\\vendor\\laravel\\framework\\src\\Illuminate\\Pipeline\\Pipeline.php(167): Illuminate\\Foundation\\Http\\Middleware\\PreventRequestsDuringMaintenance->handle()
#35 C:\\OSPanel\\domains\\laravel-vue-spa\\vendor\\fruitcake\\laravel-cors\\src\\HandleCors.php(52): Illuminate\\Pipeline\\Pipeline->Illuminate\\Pipeline\\{closure}()
#36 C:\\OSPanel\\domains\\laravel-vue-spa\\vendor\\laravel\\framework\\src\\Illuminate\\Pipeline\\Pipeline.php(167): Fruitcake\\Cors\\HandleCors->handle()
#37 C:\\OSPanel\\domains\\laravel-vue-spa\\vendor\\fideloper\\proxy\\src\\TrustProxies.php(57): Illuminate\\Pipeline\\Pipeline->Illuminate\\Pipeline\\{closure}()
#38 C:\\OSPanel\\domains\\laravel-vue-spa\\vendor\\laravel\\framework\\src\\Illuminate\\Pipeline\\Pipeline.php(167): Fideloper\\Proxy\\TrustProxies->handle()
#39 C:\\OSPanel\\domains\\laravel-vue-spa\\vendor\\laravel\\framework\\src\\Illuminate\\Pipeline\\Pipeline.php(103): Illuminate\\Pipeline\\Pipeline->Illuminate\\Pipeline\\{closure}()
#40 C:\\OSPanel\\domains\\laravel-vue-spa\\vendor\\laravel\\framework\\src\\Illuminate\\Foundation\\Http\\Kernel.php(141): Illuminate\\Pipeline\\Pipeline->then()
#41 C:\\OSPanel\\domains\\laravel-vue-spa\\vendor\\laravel\\framework\\src\\Illuminate\\Foundation\\Http\\Kernel.php(110): Illuminate\\Foundation\\Http\\Kernel->sendRequestThroughRouter()
#42 C:\\OSPanel\\domains\\laravel-vue-spa\\public\\index.php(52): Illuminate\\Foundation\\Http\\Kernel->handle()
#43 C:\\OSPanel\\domains\\laravel-vue-spa\\server.php(19): require_once('C:\\\\OSPanel\\\\doma...')
#44 {main}
"} 
